16:23:10.363  Desktop ScrollTrigger updated at 1755181390363 progress: 0.045539844835572024
16:23:10.379  Desktop ScrollTrigger updated at 1755181390379 progress: 0.04521795275590551
16:23:10.396  Desktop ScrollTrigger updated at 1755181390396 progress: 0.044936171838814265
16:23:10.414  Desktop ScrollTrigger updated at 1755181390414 progress: 0.04464235757295044
16:23:10.436  Desktop ScrollTrigger updated at 1755181390436 progress: 0.04435656553960166
16:23:10.453  Desktop ScrollTrigger updated at 1755181390453 progress: 0.04410687355257063
16:23:10.472  Desktop ScrollTrigger updated at 1755181390472 progress: 0.043840134321445116
16:23:10.492  Desktop ScrollTrigger updated at 1755181390492 progress: 0.043618520148216766
16:23:10.508  Desktop ScrollTrigger updated at 1755181390508 progress: 0.0434360143584993
16:23:10.524  Desktop ScrollTrigger updated at 1755181390524 progress: 0.043265541917554426
16:23:10.541  Desktop ScrollTrigger updated at 1755181390541 progress: 0.0431081056044465
16:23:10.557  Desktop ScrollTrigger updated at 1755181390557 progress: 0.042969722093561834
16:23:10.576  Desktop ScrollTrigger updated at 1755181390576 progress: 0.042833344140805925
16:23:10.592  Desktop ScrollTrigger updated at 1755181390592 progress: 0.04269997452524317
16:23:10.608  Desktop ScrollTrigger updated at 1755181390608 progress: 0.0425886660490968
16:23:10.624  Desktop ScrollTrigger updated at 1755181390624 progress: 0.042492399258916166
16:23:10.640  Desktop ScrollTrigger updated at 1755181390640 progress: 0.042396132468735526
16:23:10.656  Desktop ScrollTrigger updated at 1755181390656 progress: 0.04230086845761927
16:23:10.675  Desktop ScrollTrigger updated at 1755181390675 progress: 0.042207610004631774
16:23:10.690  Desktop ScrollTrigger updated at 1755181390690 progress: 0.041972959703566466
16:23:10.708  Desktop ScrollTrigger updated at 1755181390708 progress: 0.04174232051875868
16:23:10.729  Desktop ScrollTrigger updated at 1755181390729 progress: 0.04131012274201019
16:23:10.749  Desktop ScrollTrigger updated at 1755181390749 progress: 0.040875919407132935
16:23:10.772  Desktop ScrollTrigger updated at 1755181390771 progress: 0.04026622973598888
16:23:10.788  Desktop ScrollTrigger updated at 1755181390788 progress: 0.03956929828624363
16:23:10.807  Desktop ScrollTrigger updated at 1755181390807 progress: 0.038735988883742474
16:23:10.824  Desktop ScrollTrigger updated at 1755181390824 progress: 0.038052093561834185
16:23:10.848  Desktop ScrollTrigger updated at 1755181390848 progress: 0.037017225567392315
16:23:10.874  Desktop ScrollTrigger updated at 1755181390874 progress: 0.0358479851783233
16:23:10.891  Desktop ScrollTrigger updated at 1755181390891 progress: 0.035173114867994446
16:23:10.909  Desktop ScrollTrigger updated at 1755181390909 progress: 0.034520305697081984
16:23:10.926  Desktop ScrollTrigger updated at 1755181390926 progress: 0.033982816118573414
16:23:10.944  Desktop ScrollTrigger updated at 1755181390944 progress: 0.0334583626679018
16:23:10.958  Desktop ScrollTrigger updated at 1755181390958 progress: 0.03310538443723947
16:23:10.977  Desktop ScrollTrigger updated at 1755181390977 progress: 0.032601989346919866
16:23:10.991  Desktop ScrollTrigger updated at 1755181390991 progress: 0.03227508337193145
16:23:11.010  Desktop ScrollTrigger updated at 1755181391010 progress: 0.031906060676239
16:23:11.024  Desktop ScrollTrigger updated at 1755181391024 progress: 0.031583165817508106
16:23:11.043  Desktop ScrollTrigger updated at 1755181391043 progress: 0.03128233209819361
16:23:11.059  Desktop ScrollTrigger updated at 1755181391059 progress: 0.03095141500694766
16:23:11.120  Desktop ScrollTrigger updated at 1755181391120 progress: 0.030098050023158872
16:23:11.141  Desktop ScrollTrigger updated at 1755181391141 progress: 0.029816269106067623
16:23:11.161  Desktop ScrollTrigger updated at 1755181391161 progress: 0.029581618805002315
16:23:11.177  Desktop ScrollTrigger updated at 1755181391177 progress: 0.029417163038443724
16:23:11.196  Desktop ScrollTrigger updated at 1755181391196 progress: 0.029235660027790645
16:23:11.216  Desktop ScrollTrigger updated at 1755181391216 progress: 0.02907722093561834
16:23:11.232  Desktop ScrollTrigger updated at 1755181391232 progress: 0.02893883742473367
16:23:11.250  Desktop ScrollTrigger updated at 1755181391250 progress: 0.028810481704492817
16:23:11.272  Desktop ScrollTrigger updated at 1755181391272 progress: 0.028644020379805464
16:23:11.291  Desktop ScrollTrigger updated at 1755181391291 progress: 0.028530706345530336
16:23:11.315  Desktop ScrollTrigger updated at 1755181391315 progress: 0.028409370078740157
16:23:11.339  Desktop ScrollTrigger updated at 1755181391339 progress: 0.028269983788791104
16:23:11.360  Desktop ScrollTrigger updated at 1755181391360 progress: 0.028176725335803614
16:23:11.381  Desktop ScrollTrigger updated at 1755181391381 progress: 0.028083466882816117
16:23:11.392  Activating card 1 at 1755181391392
16:23:11.400  Desktop ScrollTrigger updated at 1755181391400 progress: 0.028021294580824453
16:23:11.429  Desktop ScrollTrigger updated at 1755181391429 progress: 0.027912994441871238
16:23:11.449  Desktop ScrollTrigger updated at 1755181391449 progress: 0.027851824918943956
16:23:11.509  Desktop ScrollTrigger updated at 1755181391509 progress: 0.027695391384900417
16:23:11.534  Desktop ScrollTrigger updated at 1755181391534 progress: 0.02765227188513201
16:23:11.582  Desktop ScrollTrigger updated at 1755181391582 progress: 0.027567035664659564
16:23:11.601  Desktop ScrollTrigger updated at 1755181391601 progress: 0.02753996062992126
16:23:11.618  Desktop ScrollTrigger updated at 1755181391618 progress: 0.027517899490504864
16:23:11.632  Desktop ScrollTrigger updated at 1755181391631 progress: 0.027501855025474756
16:23:11.646  Desktop ScrollTrigger updated at 1755181391646 progress: 0.027483805002315887
16:23:11.659  Desktop ScrollTrigger updated at 1755181391659 progress: 0.027470768874478923
16:23:11.673  Desktop ScrollTrigger updated at 1755181391673 progress: 0.027458735525706348
16:23:11.689  Desktop ScrollTrigger updated at 1755181391689 progress: 0.027445699397869384
16:23:11.707  Desktop ScrollTrigger updated at 1755181391707 progress: 0.02743166049096804
16:23:11.722  Desktop ScrollTrigger updated at 1755181391722 progress: 0.02742062992125984
16:23:11.743  Desktop ScrollTrigger updated at 1755181391743 progress: 0.02740959935155164
16:23:11.759  Desktop ScrollTrigger updated at 1755181391759 progress: 0.027399571560907825
16:23:11.774  Desktop ScrollTrigger updated at 1755181391774 progress: 0.02739255210745716
16:23:11.792  Desktop ScrollTrigger updated at 1755181391791 progress: 0.027384529874942103
16:23:11.808  Desktop ScrollTrigger updated at 1755181391808 progress: 0.02737851320055581
16:23:11.824  Desktop ScrollTrigger updated at 1755181391824 progress: 0.027372496526169524
16:23:11.839  Desktop ScrollTrigger updated at 1755181391839 progress: 0.027367482630847616
16:23:11.856  Desktop ScrollTrigger updated at 1755181391856 progress: 0.027362468735525707
16:23:11.872  Desktop ScrollTrigger updated at 1755181391872 progress: 0.027358457619268178
16:23:11.889  Desktop ScrollTrigger updated at 1755181391889 progress: 0.02735444650301065
16:23:11.906  Desktop ScrollTrigger updated at 1755181391906 progress: 0.027351438165817508
16:23:11.922  Desktop ScrollTrigger updated at 1755181391922 progress: 0.02734842982862436
16:23:11.943  Desktop ScrollTrigger updated at 1755181391943 progress: 0.027345421491431217
16:23:11.963  Desktop ScrollTrigger updated at 1755181391963 progress: 0.027342413154238077
16:23:11.979  Desktop ScrollTrigger updated at 1755181391979 progress: 0.027340407596109312
16:23:11.994  Desktop ScrollTrigger updated at 1755181391994 progress: 0.027338402037980544
16:23:12.008  Desktop ScrollTrigger updated at 1755181392008 progress: 0.027337399258916168
16:23:12.022  Desktop ScrollTrigger updated at 1755181392022 progress: 0.027336396479851786
16:23:12.040  Desktop ScrollTrigger updated at 1755181392040 progress: 0.027335393700787403
16:23:12.056  Desktop ScrollTrigger updated at 1755181392056 progress: 0.02733439092172302
16:23:12.072  Desktop ScrollTrigger updated at 1755181392072 progress: 0.027333388142658635
16:23:12.090  Desktop ScrollTrigger updated at 1755181392090 progress: 0.027332385363594253
16:23:12.109  Desktop ScrollTrigger updated at 1755181392109 progress: 0.027331382584529877
16:23:12.141  Desktop ScrollTrigger updated at 1755181392141 progress: 0.027330379805465495
16:23:12.176  Desktop ScrollTrigger updated at 1755181392176 progress: 0.027329377026401112
16:23:12.211  Desktop ScrollTrigger updated at 1755181392211 progress: 0.02732837424733673
16:23:12.283  Desktop ScrollTrigger updated at 1755181392283 progress: 0.027327371468272344
16:23:13.040  Desktop ScrollTrigger updated at 1755181393040 progress: 0.02712280453913849
16:23:13.062  Desktop ScrollTrigger updated at 1755181393062 progress: 0.02647200092635479
16:23:13.092  Desktop ScrollTrigger updated at 1755181393092 progress: 0.02545418017600741
16:23:13.133  Desktop ScrollTrigger updated at 1755181393133 progress: 0.02423981472904122
16:23:13.165  Desktop ScrollTrigger updated at 1755181393165 progress: 0.02271960166743863
16:23:13.199  Desktop ScrollTrigger updated at 1755181393199 progress: 0.02137286938397406
16:23:13.228  Desktop ScrollTrigger updated at 1755181393228 progress: 0.020352040296433536
16:23:13.256  Desktop ScrollTrigger updated at 1755181393256 progress: 0.01946558360352015
16:23:13.276  Desktop ScrollTrigger updated at 1755181393276 progress: 0.018914055118110236
16:23:13.306  Desktop ScrollTrigger updated at 1755181393306 progress: 0.01830035433070866
16:23:13.328  Desktop ScrollTrigger updated at 1755181393328 progress: 0.01773679249652617
16:23:13.351  Desktop ScrollTrigger updated at 1755181393351 progress: 0.01739685039370079
16:23:13.375  Desktop ScrollTrigger updated at 1755181393375 progress: 0.01687239694302918
16:23:13.393  Desktop ScrollTrigger updated at 1755181393393 progress: 0.01659964103751737
16:23:13.408  Desktop ScrollTrigger updated at 1755181393408 progress: 0.01637501852709588
16:23:13.426  Desktop ScrollTrigger updated at 1755181393426 progress: 0.01615240157480315
16:23:13.442  Desktop ScrollTrigger updated at 1755181393442 progress: 0.01595786243631311
16:23:13.459  Desktop ScrollTrigger updated at 1755181393459 progress: 0.01576532885595183
16:23:13.480  Desktop ScrollTrigger updated at 1755181393480 progress: 0.015566778601204262
16:23:13.495  Desktop ScrollTrigger updated at 1755181393495 progress: 0.01540232283464567
16:23:13.512  Desktop ScrollTrigger updated at 1755181393512 progress: 0.015258925428439093
16:23:13.525  Desktop ScrollTrigger updated at 1755181393525 progress: 0.015140597498842055
16:23:13.541  Desktop ScrollTrigger updated at 1755181393541 progress: 0.015014247336729968
16:23:13.558  Desktop ScrollTrigger updated at 1755181393558 progress: 0.014896922186197313
16:23:13.575  Desktop ScrollTrigger updated at 1755181393575 progress: 0.014780599814729041
16:23:13.590  Desktop ScrollTrigger updated at 1755181393590 progress: 0.014685335803612783
16:23:13.609  Desktop ScrollTrigger updated at 1755181393609 progress: 0.014573024548402038
16:23:13.623  Desktop ScrollTrigger updated at 1755181393623 progress: 0.014489793886058361
16:23:13.639  Desktop ScrollTrigger updated at 1755181393639 progress: 0.014413582677165354
16:23:13.656  Desktop ScrollTrigger updated at 1755181393655 progress: 0.014164893469198702
16:23:13.676  Desktop ScrollTrigger updated at 1755181393676 progress: 0.013909184807781381
16:23:13.690  Desktop ScrollTrigger updated at 1755181393690 progress: 0.01354517600741084
16:23:13.708  Desktop ScrollTrigger updated at 1755181393708 progress: 0.013188186660490969
16:23:13.725  Desktop ScrollTrigger updated at 1755181393725 progress: 0.012682786012042611
16:23:13.738  Desktop ScrollTrigger updated at 1755181393738 progress: 0.012150310328855952
16:23:13.757  Desktop ScrollTrigger updated at 1755181393757 progress: 0.011515551181102361
16:23:13.773  Desktop ScrollTrigger updated at 1755181393773 progress: 0.010786530801296896
16:23:13.789  Desktop ScrollTrigger updated at 1755181393789 progress: 0.010152774432607689
16:23:13.813  Desktop ScrollTrigger updated at 1755181393813 progress: 0.009389659564613248
16:23:13.828  Desktop ScrollTrigger updated at 1755181393828 progress: 0.008825094951366373
16:23:13.842  Desktop ScrollTrigger updated at 1755181393842 progress: 0.008392897174617879
16:23:13.857  Desktop ScrollTrigger updated at 1755181393857 progress: 0.007959696618805003
16:23:13.873  Desktop ScrollTrigger updated at 1755181393873 progress: 0.007504434923575729
16:23:13.889  Desktop ScrollTrigger updated at 1755181393889 progress: 0.007130398332561371
16:23:13.907  Desktop ScrollTrigger updated at 1755181393907 progress: 0.006714245020842983
16:23:13.922  Desktop ScrollTrigger updated at 1755181393922 progress: 0.006372297359888837
16:23:13.942  Desktop ScrollTrigger updated at 1755181393942 progress: 0.006015308012968967
16:23:13.957  Desktop ScrollTrigger updated at 1755181393956 progress: 0.0057224965261695225
16:23:13.974  Desktop ScrollTrigger updated at 1755181393973 progress: 0.00544873784159333
16:23:13.991  Desktop ScrollTrigger updated at 1755181393991 progress: 0.00516394858730894
16:23:14.007  Desktop ScrollTrigger updated at 1755181394007 progress: 0.00492829550717925
16:23:14.024  Desktop ScrollTrigger updated at 1755181394024 progress: 0.004695650764242705
16:23:14.043  Desktop ScrollTrigger updated at 1755181394043 progress: 0.00448105604446503
16:23:14.058  Desktop ScrollTrigger updated at 1755181394058 progress: 0.004280500231588698
16:23:14.072  Desktop ScrollTrigger updated at 1755181394072 progress: 0.0041160444650301066
16:23:14.091  Desktop ScrollTrigger updated at 1755181394091 progress: 0.003932535896248263
16:23:14.106  Desktop ScrollTrigger updated at 1755181394106 progress: 0.0037901412691060676
16:23:14.122  Desktop ScrollTrigger updated at 1755181394122 progress: 0.0036387216303844375
16:23:14.142  Desktop ScrollTrigger updated at 1755181394142 progress: 0.003491313107920334
16:23:14.157  Desktop ScrollTrigger updated at 1755181394157 progress: 0.0033689740620657716
16:23:14.175  Desktop ScrollTrigger updated at 1755181394175 progress: 0.003248640574339972
16:23:14.191  Desktop ScrollTrigger updated at 1755181394191 progress: 0.0031373320981936082
16:23:14.206  Desktop ScrollTrigger updated at 1755181394206 progress: 0.0030450764242704958
16:23:14.226  Desktop ScrollTrigger updated at 1755181394226 progress: 0.0029427929597035662
16:23:14.241  Desktop ScrollTrigger updated at 1755181394240 progress: 0.0028525428439092173
16:23:14.259  Desktop ScrollTrigger updated at 1755181394259 progress: 0.002774326076887448
16:23:14.275  Desktop ScrollTrigger updated at 1755181394275 progress: 0.002693100972672533
16:23:14.292  Desktop ScrollTrigger updated at 1755181394292 progress: 0.002468478462251042
16:23:14.307  Desktop ScrollTrigger updated at 1755181394307 progress: 0.002247867068087078
16:23:14.323  Desktop ScrollTrigger updated at 1755181394323 progress: 0.002067366836498379
16:23:14.339  Desktop ScrollTrigger updated at 1755181394339 progress: 0.0017013524779990739
16:23:14.359  Desktop ScrollTrigger updated at 1755181394359 progress: 0.0013453659101435847
16:23:14.375  Desktop ScrollTrigger updated at 1755181394375 progress: 0.0010355071792496526
16:23:14.391  Desktop ScrollTrigger updated at 1755181394391 progress: 0.0007667623899953683
16:23:14.407  Desktop ScrollTrigger updated at 1755181394407 progress: 0.000516067623899954
16:23:14.424  Desktop ScrollTrigger updated at 1755181394424 progress: 0.0002703867531264473
16:23:14.447  Desktop ScrollTrigger updated at 1755181394447 progress: 0.0000046503010653080355
16:23:14.462  Desktop ScrollTrigger updated at 1755181394462 progress: 0
16:23:15.344  Activating card 0 at 1755181395344
16:23:18.247  Navigating to card 1 at 1755181398247
16:23:18.327  Desktop ScrollTrigger updated at 1755181398327 progress: 0.0008580152848540994
16:23:18.327  Desktop ScrollTrigger entered at 1755181398327
16:23:18.343  Activating card 1 at 1755181398343
16:23:18.343  Desktop ScrollTrigger updated at 1755181398343 progress: 0.003002959703566466
16:23:18.358  Desktop ScrollTrigger updated at 1755181398358 progress: 0.00475882584529875
16:23:18.374  Desktop ScrollTrigger updated at 1755181398374 progress: 0.006499650301065308
16:23:18.399  Desktop ScrollTrigger updated at 1755181398399 progress: 0.008596461324687355
16:23:18.418  Desktop ScrollTrigger updated at 1755181398418 progress: 0.01049873320981936
16:23:18.440  Desktop ScrollTrigger updated at 1755181398440 progress: 0.012225518758684578
16:23:18.467  Desktop ScrollTrigger updated at 1755181398467 progress: 0.01421703798054655
16:23:18.487  Desktop ScrollTrigger updated at 1755181398487 progress: 0.015542711903659103
16:23:18.509  Desktop ScrollTrigger updated at 1755181398509 progress: 0.016813232978230664
16:23:18.536  Desktop ScrollTrigger updated at 1755181398536 progress: 0.018331440481704493
16:23:18.569  Desktop ScrollTrigger updated at 1755181398569 progress: 0.01980652848540991
16:23:18.595  Desktop ScrollTrigger updated at 1755181398595 progress: 0.02101588003705419
16:23:18.626  Desktop ScrollTrigger updated at 1755181398626 progress: 0.022081834182491895
16:23:18.655  Desktop ScrollTrigger updated at 1755181398655 progress: 0.023050518758684576
16:23:18.679  Desktop ScrollTrigger updated at 1755181398679 progress: 0.0237655002315887
16:23:18.701  Desktop ScrollTrigger updated at 1755181398701 progress: 0.024334075961093098
16:23:18.722  Desktop ScrollTrigger updated at 1755181398722 progress: 0.024828446039833255
16:23:18.745  Desktop ScrollTrigger updated at 1755181398745 progress: 0.02525763547938861
16:23:18.772  Desktop ScrollTrigger updated at 1755181398771 progress: 0.02583523622047244
16:23:18.796  Desktop ScrollTrigger updated at 1755181398796 progress: 0.02624537285780454
16:23:18.816  Desktop ScrollTrigger updated at 1755181398816 progress: 0.026554228809634088
16:23:18.835  Desktop ScrollTrigger updated at 1755181398835 progress: 0.02683701250578972
16:23:18.853  Desktop ScrollTrigger updated at 1755181398853 progress: 0.02705762389995368
16:23:18.871  Desktop ScrollTrigger updated at 1755181398871 progress: 0.027261188050023158
16:23:18.892  Desktop ScrollTrigger updated at 1755181398892 progress: 0.027481799444187122
16:23:18.912  Desktop ScrollTrigger updated at 1755181398912 progress: 0.02771043307086614
16:23:18.928  Desktop ScrollTrigger updated at 1755181398928 progress: 0.0278548332561371
16:23:18.953  Desktop ScrollTrigger updated at 1755181398953 progress: 0.028045361278369617
16:23:18.971  Desktop ScrollTrigger updated at 1755181398971 progress: 0.02818675312644743
16:23:18.995  Desktop ScrollTrigger updated at 1755181398995 progress: 0.028334161648911532
16:23:19.018  Desktop ScrollTrigger updated at 1755181399018 progress: 0.028483575729504402
16:23:19.038  Desktop ScrollTrigger updated at 1755181399038 progress: 0.028589870310328856
16:23:19.058  Desktop ScrollTrigger updated at 1755181399058 progress: 0.028689145437702637
16:23:19.077  Desktop ScrollTrigger updated at 1755181399077 progress: 0.028770370541917552
16:23:19.103  Desktop ScrollTrigger updated at 1755181399103 progress: 0.028854603983325615
16:23:19.128  Desktop ScrollTrigger updated at 1755181399128 progress: 0.02894184576192682
16:23:19.147  Desktop ScrollTrigger updated at 1755181399147 progress: 0.029006023622047242
16:23:19.171  Desktop ScrollTrigger updated at 1755181399171 progress: 0.02906217924965262
16:23:19.192  Desktop ScrollTrigger updated at 1755181399192 progress: 0.029115326540064847
16:23:19.220  Desktop ScrollTrigger updated at 1755181399220 progress: 0.029159448818897638
16:23:19.240  Desktop ScrollTrigger updated at 1755181399240 progress: 0.029197554423344138
16:23:19.260  Desktop ScrollTrigger updated at 1755181399260 progress: 0.02922864057433997
16:23:19.278  Desktop ScrollTrigger updated at 1755181399278 progress: 0.029252707271885135
16:23:19.301  Desktop ScrollTrigger updated at 1755181399301 progress: 0.029274768411301527
16:23:19.324  Desktop ScrollTrigger updated at 1755181399324 progress: 0.02929883510884669
16:23:19.350  Desktop ScrollTrigger updated at 1755181399350 progress: 0.02931788791106994
16:23:19.379  Desktop ScrollTrigger updated at 1755181399379 progress: 0.029338946271421956
16:23:19.399  Desktop ScrollTrigger updated at 1755181399399 progress: 0.029348974062065773
16:23:19.417  Desktop ScrollTrigger updated at 1755181399417 progress: 0.029357999073645207
16:23:19.433  Desktop ScrollTrigger updated at 1755181399432 progress: 0.02936501852709588
16:23:19.447  Desktop ScrollTrigger updated at 1755181399447 progress: 0.02937003242241779
16:23:19.463  Desktop ScrollTrigger updated at 1755181399463 progress: 0.029375046317739698
16:23:19.483  Desktop ScrollTrigger updated at 1755181399483 progress: 0.02938106299212598
16:23:19.502  Desktop ScrollTrigger updated at 1755181399502 progress: 0.02938507410838351
16:23:19.521  Desktop ScrollTrigger updated at 1755181399521 progress: 0.02939008800370542
16:23:19.539  Desktop ScrollTrigger updated at 1755181399539 progress: 0.029393096340898563
16:23:19.555  Desktop ScrollTrigger updated at 1755181399555 progress: 0.029395101899027328
16:23:19.573  Desktop ScrollTrigger updated at 1755181399573 progress: 0.029398110236220472
16:23:19.590  Desktop ScrollTrigger updated at 1755181399590 progress: 0.029400115794349237
16:23:19.611  Desktop ScrollTrigger updated at 1755181399611 progress: 0.029402121352477998
16:23:19.627  Desktop ScrollTrigger updated at 1755181399627 progress: 0.02940312413154238
16:23:19.644  Desktop ScrollTrigger updated at 1755181399644 progress: 0.029405129689671145
16:23:19.661  Desktop ScrollTrigger updated at 1755181399661 progress: 0.029406132468735528
16:23:19.677  Desktop ScrollTrigger updated at 1755181399677 progress: 0.029407135247799907
16:23:19.692  Desktop ScrollTrigger updated at 1755181399692 progress: 0.02940813802686429
16:23:19.710  Desktop ScrollTrigger updated at 1755181399710 progress: 0.02940914080592867
16:23:19.743  Desktop ScrollTrigger updated at 1755181399743 progress: 0.029410143584993054
16:23:19.759  Desktop ScrollTrigger updated at 1755181399759 progress: 0.029411146364057436
16:23:19.796  Desktop ScrollTrigger updated at 1755181399796 progress: 0.029412149143121815
16:23:20.320  Activating card 2 at 1755181400320
16:23:20.989  Desktop ScrollTrigger updated at 1755181400989 progress: 0.02940813802686429
16:23:21.008  Desktop ScrollTrigger updated at 1755181401008 progress: 0.029389085224641037
16:23:21.025  Activating card 1 at 1755181401025
16:23:21.027  Desktop ScrollTrigger updated at 1755181401027 progress: 0.029306857341361743
16:23:21.045  Desktop ScrollTrigger updated at 1755181401045 progress: 0.029140396016674387
16:23:21.063  Desktop ScrollTrigger updated at 1755181401063 progress: 0.028897723483094023
16:23:21.082  Desktop ScrollTrigger updated at 1755181401082 progress: 0.02849360352014822
16:23:21.101  Desktop ScrollTrigger updated at 1755181401101 progress: 0.0279039694302918
16:23:21.121  Desktop ScrollTrigger updated at 1755181401121 progress: 0.027071662806855027
16:23:21.140  Desktop ScrollTrigger updated at 1755181401140 progress: 0.025816183418249188
16:23:21.160  Desktop ScrollTrigger updated at 1755181401160 progress: 0.02454064844835572
16:23:21.179  Desktop ScrollTrigger updated at 1755181401179 progress: 0.02310667438628995
16:23:21.197  Desktop ScrollTrigger updated at 1755181401197 progress: 0.021744900416859655
16:23:21.217  Desktop ScrollTrigger updated at 1755181401217 progress: 0.020396162575266327
16:23:21.234  Desktop ScrollTrigger updated at 1755181401234 progress: 0.019001296896711442
16:23:21.251  Desktop ScrollTrigger updated at 1755181401251 progress: 0.01778592867068087
16:23:21.268  Desktop ScrollTrigger updated at 1755181401268 progress: 0.016671841130152847
16:23:21.285  Desktop ScrollTrigger updated at 1755181401285 progress: 0.015522656322371467
16:23:21.302  Desktop ScrollTrigger updated at 1755181401302 progress: 0.014353415933302454
16:23:21.321  Desktop ScrollTrigger updated at 1755181401321 progress: 0.013235317276516905
16:23:21.338  Desktop ScrollTrigger updated at 1755181401338 progress: 0.012226521537748957
16:23:21.356  Desktop ScrollTrigger updated at 1755181401355 progress: 0.011207698008337192
16:23:21.373  Desktop ScrollTrigger updated at 1755181401373 progress: 0.010294166280685503
16:23:21.390  Desktop ScrollTrigger updated at 1755181401390 progress: 0.009375620657711903
16:23:21.417  Desktop ScrollTrigger updated at 1755181401417 progress: 0.008191338582677165
16:23:21.445  Desktop ScrollTrigger updated at 1755181401444 progress: 0.006919814729041222
16:23:21.460  Desktop ScrollTrigger updated at 1755181401460 progress: 0.006196811023622048
16:23:21.479  Desktop ScrollTrigger updated at 1755181401479 progress: 0.0054728045391384894
16:23:21.493  Desktop ScrollTrigger updated at 1755181401493 progress: 0.004971415006947661
16:23:21.515  Desktop ScrollTrigger updated at 1755181401515 progress: 0.004270472440944882
16:23:21.531  Desktop ScrollTrigger updated at 1755181401531 progress: 0.003775099583140343
16:23:21.545  Desktop ScrollTrigger updated at 1755181401545 progress: 0.003339893469198704
16:23:21.559  Desktop ScrollTrigger updated at 1755181401559 progress: 0.002958837424733673
16:23:21.583  Desktop ScrollTrigger updated at 1755181401583 progress: 0.0024053033811949976
16:23:21.596  Desktop ScrollTrigger updated at 1755181401596 progress: 0.002059344603983326
16:23:21.613  Desktop ScrollTrigger updated at 1755181401613 progress: 0.0016963385826771651
16:23:21.629  Desktop ScrollTrigger updated at 1755181401629 progress: 0.0013995159796201943
16:23:21.643  Desktop ScrollTrigger updated at 1755181401643 progress: 0.001139796201945345
16:23:21.658  Desktop ScrollTrigger updated at 1755181401658 progress: 0.000864031959240389
16:23:21.674  Desktop ScrollTrigger updated at 1755181401674 progress: 0.000623364983788791
16:23:21.693  Desktop ScrollTrigger updated at 1755181401693 progress: 0.0003405812876331635
16:23:21.709  Desktop ScrollTrigger updated at 1755181401709 progress: 0.00010793654469661894
16:23:21.726  Desktop ScrollTrigger updated at 1755181401726 progress: 0
16:23:22.647  Activating card 0 at 1755181402647
16:23:24.111  Navigating to card 2 at 1755181404111
16:23:24.140  Desktop ScrollTrigger updated at 1755181404140 progress: 0.0018688165817508109
16:23:24.140  Desktop ScrollTrigger entered at 1755181404140
16:23:24.158  Activating card 1 at 1755181404158
16:23:24.158  Desktop ScrollTrigger updated at 1755181404158 progress: 0.0059110189902732745
16:23:24.174  Desktop ScrollTrigger updated at 1755181404174 progress: 0.010107649374710514
16:23:24.191  Desktop ScrollTrigger updated at 1755181404190 progress: 0.013550189902732747
16:23:24.207  Desktop ScrollTrigger updated at 1755181404207 progress: 0.01674504400185271
16:23:24.224  Desktop ScrollTrigger updated at 1755181404223 progress: 0.019888756368689208
16:23:24.242  Desktop ScrollTrigger updated at 1755181404242 progress: 0.022958263084761465
16:23:24.257  Desktop ScrollTrigger updated at 1755181404257 progress: 0.025329835572024083
16:23:24.274  Desktop ScrollTrigger updated at 1755181404274 progress: 0.02782876100046318
16:23:24.293  Desktop ScrollTrigger updated at 1755181404293 progress: 0.030401892079666513
16:23:24.307  Desktop ScrollTrigger updated at 1755181404307 progress: 0.032161769337656326
16:23:24.327  Desktop ScrollTrigger updated at 1755181404327 progress: 0.03426860815192218
16:23:24.341  Desktop ScrollTrigger updated at 1755181404341 progress: 0.03600341593330245
16:23:24.357  Desktop ScrollTrigger updated at 1755181404357 progress: 0.03761889300602131
16:23:24.374  Desktop ScrollTrigger updated at 1755181404374 progress: 0.039215317276516906
16:23:24.391  Desktop ScrollTrigger updated at 1755181404391 progress: 0.04077965261695229
16:23:24.408  Desktop ScrollTrigger updated at 1755181404408 progress: 0.04207022927281149
16:23:24.424  Desktop ScrollTrigger updated at 1755181404424 progress: 0.04327356415006948
16:23:24.442  Desktop ScrollTrigger updated at 1755181404442 progress: 0.04453004631773969
16:23:24.457  Activating card 2 at 1755181404457
16:23:24.458  Desktop ScrollTrigger updated at 1755181404458 progress: 0.045503744789254286
16:23:24.475  Desktop ScrollTrigger updated at 1755181404475 progress: 0.04659176007410838
16:23:24.491  Desktop ScrollTrigger updated at 1755181404491 progress: 0.04748924733672997
16:23:24.507  Desktop ScrollTrigger updated at 1755181404507 progress: 0.04832656785548865
16:23:24.524  Desktop ScrollTrigger updated at 1755181404524 progress: 0.04915386058360351
16:23:24.541  Desktop ScrollTrigger updated at 1755181404541 progress: 0.04987886984715146
16:23:24.557  Desktop ScrollTrigger updated at 1755181404557 progress: 0.05059485409911997
16:23:24.574  Desktop ScrollTrigger updated at 1755181404574 progress: 0.05125869383974062
16:23:24.591  Desktop ScrollTrigger updated at 1755181404591 progress: 0.051875402964335335
16:23:24.608  Desktop ScrollTrigger updated at 1755181404608 progress: 0.052446987031032885
16:23:24.626  Desktop ScrollTrigger updated at 1755181404626 progress: 0.052976454377026395
16:23:24.644  Desktop ScrollTrigger updated at 1755181404644 progress: 0.05349489115331172
16:23:24.661  Desktop ScrollTrigger updated at 1755181404661 progress: 0.05394714451134785
16:23:24.733  Desktop ScrollTrigger updated at 1755181404733 progress: 0.05549443260768875
16:23:24.752  Desktop ScrollTrigger updated at 1755181404752 progress: 0.055828358036127845
16:23:24.769  Desktop ScrollTrigger updated at 1755181404769 progress: 0.056117158406669754
16:23:24.798  Desktop ScrollTrigger updated at 1755181404798 progress: 0.056532308939323754
16:23:24.815  Desktop ScrollTrigger updated at 1755181404815 progress: 0.0567489092172302
16:23:24.833  Desktop ScrollTrigger updated at 1755181404833 progress: 0.05695949282075035
16:23:24.864  Desktop ScrollTrigger updated at 1755181404864 progress: 0.05728740157480315
16:23:24.895  Desktop ScrollTrigger updated at 1755181404895 progress: 0.05754912691060676
16:23:24.927  Desktop ScrollTrigger updated at 1755181404927 progress: 0.05779179944418712
16:23:24.945  Desktop ScrollTrigger updated at 1755181404945 progress: 0.05790611625752664
16:23:24.964  Desktop ScrollTrigger updated at 1755181404964 progress: 0.05800940250115794
16:23:25.000  Desktop ScrollTrigger updated at 1755181405000 progress: 0.05818488883742473
16:23:25.021  Desktop ScrollTrigger updated at 1755181405021 progress: 0.058268119499768414
16:23:25.044  Desktop ScrollTrigger updated at 1755181405044 progress: 0.05835836961556276
16:23:25.081  Desktop ScrollTrigger updated at 1755181405081 progress: 0.058467672533580366
16:23:25.101  Desktop ScrollTrigger updated at 1755181405101 progress: 0.05851179481241315
16:23:25.120  Desktop ScrollTrigger updated at 1755181405120 progress: 0.05855491431218156
16:23:25.139  Desktop ScrollTrigger updated at 1755181405139 progress: 0.0585910143584993
16:23:25.158  Desktop ScrollTrigger updated at 1755181405158 progress: 0.058624106067623895
16:23:25.177  Desktop ScrollTrigger updated at 1755181405177 progress: 0.05865017832329783
16:23:25.195  Desktop ScrollTrigger updated at 1755181405195 progress: 0.05867424502084298
16:23:25.215  Desktop ScrollTrigger updated at 1755181405214 progress: 0.058695303381195
16:23:25.235  Desktop ScrollTrigger updated at 1755181405235 progress: 0.05871435618341825
16:23:25.255  Desktop ScrollTrigger updated at 1755181405255 progress: 0.058731403427512735
16:23:25.274  Desktop ScrollTrigger updated at 1755181405274 progress: 0.05874443955534969
16:23:25.295  Desktop ScrollTrigger updated at 1755181405295 progress: 0.058757475683186663
16:23:25.318  Desktop ScrollTrigger updated at 1755181405318 progress: 0.05876950903195924
16:23:25.382  Desktop ScrollTrigger updated at 1755181405382 progress: 0.05879257295044002
16:23:25.401  Desktop ScrollTrigger updated at 1755181405401 progress: 0.05879758684576193
16:23:25.418  Desktop ScrollTrigger updated at 1755181405418 progress: 0.05880159796201945
16:23:25.435  Desktop ScrollTrigger updated at 1755181405435 progress: 0.058804606299212595
16:23:25.452  Desktop ScrollTrigger updated at 1755181405452 progress: 0.05880761463640575
16:23:25.471  Desktop ScrollTrigger updated at 1755181405471 progress: 0.05881062297359889
16:23:25.491  Desktop ScrollTrigger updated at 1755181405491 progress: 0.05881363131079203
16:23:25.512  Desktop ScrollTrigger updated at 1755181405512 progress: 0.0588156368689208
16:23:25.529  Desktop ScrollTrigger updated at 1755181405529 progress: 0.058817642427049566
16:23:25.546  Desktop ScrollTrigger updated at 1755181405546 progress: 0.05881864520611394
16:23:25.565  Desktop ScrollTrigger updated at 1755181405565 progress: 0.058820650764242706
16:23:25.584  Desktop ScrollTrigger updated at 1755181405584 progress: 0.05882165354330708
16:23:25.603  Desktop ScrollTrigger updated at 1755181405603 progress: 0.05882265632237147
16:23:25.621  Desktop ScrollTrigger updated at 1755181405621 progress: 0.058823659101435846
16:23:26.336  Activating card 3 at 1755181406336
16:23:26.441  Desktop ScrollTrigger updated at 1755181406441 progress: 0.058820650764242706
16:23:26.458  Desktop ScrollTrigger updated at 1755181406458 progress: 0.058805609078276984
16:23:26.469  Activating card 2 at 1755181406469
16:23:26.480  Desktop ScrollTrigger updated at 1755181406480 progress: 0.05877051181102362
16:23:26.499  Desktop ScrollTrigger updated at 1755181406499 progress: 0.05867123668364984
16:23:26.512  Desktop ScrollTrigger updated at 1755181406512 progress: 0.05856995599814729
16:23:26.525  Desktop ScrollTrigger updated at 1755181406525 progress: 0.058432575266326996
16:23:26.541  Desktop ScrollTrigger updated at 1755181406541 progress: 0.05819692218619731
16:23:26.557  Desktop ScrollTrigger updated at 1755181406557 progress: 0.05781586614173228
16:23:26.574  Desktop ScrollTrigger updated at 1755181406574 progress: 0.05731247105141269
16:23:26.595  Desktop ScrollTrigger updated at 1755181406595 progress: 0.05648718388142658
16:23:26.610  Desktop ScrollTrigger updated at 1755181406610 progress: 0.05554457156090783
16:23:26.626  Desktop ScrollTrigger updated at 1755181406626 progress: 0.05423895321908291
16:23:26.642  Desktop ScrollTrigger updated at 1755181406642 progress: 0.05274380963408985
16:23:26.658  Desktop ScrollTrigger updated at 1755181406658 progress: 0.05093479620194535
16:23:26.678  Desktop ScrollTrigger updated at 1755181406678 progress: 0.048757762853172765
16:23:26.694  Desktop ScrollTrigger updated at 1755181406694 progress: 0.04695576887447892
16:23:26.709  Desktop ScrollTrigger updated at 1755181406709 progress: 0.044973274664196386
16:23:26.730  Desktop ScrollTrigger updated at 1755181406730 progress: 0.04260771885132006
16:23:26.747  Desktop ScrollTrigger updated at 1755181406747 progress: 0.04027024085224641
16:23:26.764  Desktop ScrollTrigger updated at 1755181406764 progress: 0.03832685502547476
16:23:26.780  Desktop ScrollTrigger updated at 1755181406780 progress: 0.036409541454377026
16:23:26.796  Desktop ScrollTrigger updated at 1755181406796 progress: 0.03452732515053265
16:23:26.812  Desktop ScrollTrigger updated at 1755181406812 progress: 0.03268822834645669
16:23:26.830  Desktop ScrollTrigger updated at 1755181406830 progress: 0.03079197313571098
16:23:26.847  Desktop ScrollTrigger updated at 1755181406847 progress: 0.028856609541454376
16:23:26.862  Desktop ScrollTrigger updated at 1755181406862 progress: 0.027198012968967115
16:23:26.878  Desktop ScrollTrigger updated at 1755181406878 progress: 0.025596574803149606
16:23:26.894  Desktop ScrollTrigger updated at 1755181406894 progress: 0.02414655627605373
16:23:26.910  Desktop ScrollTrigger updated at 1755181406910 progress: 0.0226554238073182
16:23:26.925  Desktop ScrollTrigger updated at 1755181406925 progress: 0.021224458082445576
16:23:26.947  Desktop ScrollTrigger updated at 1755181406947 progress: 0.019606975451597963
16:23:26.966  Desktop ScrollTrigger updated at 1755181406966 progress: 0.018001526169522927
16:23:26.986  Desktop ScrollTrigger updated at 1755181406986 progress: 0.016566549328392775
16:23:26.997  Activating card 1 at 1755181406997
16:23:27.004  Desktop ScrollTrigger updated at 1755181407004 progress: 0.015212797591477535
16:23:27.024  Desktop ScrollTrigger updated at 1755181407024 progress: 0.013938265400648447
16:23:27.057  Desktop ScrollTrigger updated at 1755181407057 progress: 0.011866523853635942
16:23:27.079  Desktop ScrollTrigger updated at 1755181407079 progress: 0.010602019453450672
16:23:27.101  Desktop ScrollTrigger updated at 1755181407101 progress: 0.009481915238536358
16:23:27.148  Desktop ScrollTrigger updated at 1755181407148 progress: 0.007335968040759612
16:23:27.170  Desktop ScrollTrigger updated at 1755181407170 progress: 0.006399372394627142
16:23:27.188  Desktop ScrollTrigger updated at 1755181407188 progress: 0.00566032422417786
16:23:27.245  Desktop ScrollTrigger updated at 1755181407245 progress: 0.0038011718388142653
16:23:27.264  Desktop ScrollTrigger updated at 1755181407264 progress: 0.0032356044465030103
16:23:27.298  Desktop ScrollTrigger updated at 1755181407298 progress: 0.0023401227420101903
16:23:27.314  Desktop ScrollTrigger updated at 1755181407314 progress: 0.00197711672070403
16:23:27.330  Desktop ScrollTrigger updated at 1755181407330 progress: 0.001641185734136174
16:23:27.381  Desktop ScrollTrigger updated at 1755181407381 progress: 0.0007868179712830011
16:23:27.402  Desktop ScrollTrigger updated at 1755181407402 progress: 0.0004177952755905513
16:23:27.460  Desktop ScrollTrigger updated at 1755181407460 progress: 0
16:23:28.386  Activating card 0 at 1755181408386
16:23:29.095  Navigating to card 3 at 1755181409095
16:23:29.124  Desktop ScrollTrigger updated at 1755181409124 progress: 0.003698888374247337
16:23:29.124  Desktop ScrollTrigger entered at 1755181409124
16:23:29.142  Activating card 1 at 1755181409142
16:23:29.143  Desktop ScrollTrigger updated at 1755181409143 progress: 0.010060518758684574
16:23:29.158  Desktop ScrollTrigger updated at 1755181409158 progress: 0.015929784622510424
16:23:29.175  Desktop ScrollTrigger updated at 1755181409175 progress: 0.02134679712830014
16:23:29.191  Desktop ScrollTrigger updated at 1755181409191 progress: 0.026066878184344604
16:23:29.208  Desktop ScrollTrigger updated at 1755181409208 progress: 0.030711750810560445
16:23:29.228  Desktop ScrollTrigger updated at 1755181409228 progress: 0.035728654469661884
16:23:29.243  Desktop ScrollTrigger updated at 1755181409243 progress: 0.03920027559055118
16:23:29.259  Desktop ScrollTrigger updated at 1755181409259 progress: 0.042649835572024085
16:23:29.275  Desktop ScrollTrigger updated at 1755181409275 progress: 0.04585872857804539
16:23:29.291  Desktop ScrollTrigger updated at 1755181409291 progress: 0.04884400185270958
16:23:29.308  Desktop ScrollTrigger updated at 1755181409308 progress: 0.051790166743862893
16:23:29.325  Desktop ScrollTrigger updated at 1755181409325 progress: 0.054365303381195
16:23:29.342  Activating card 2 at 1755181409342
16:23:29.342  Desktop ScrollTrigger updated at 1755181409342 progress: 0.05690734830940251
16:23:29.360  Desktop ScrollTrigger updated at 1755181409360 progress: 0.05939825150532654
16:23:29.376  Desktop ScrollTrigger updated at 1755181409376 progress: 0.061452945808244556
16:23:29.392  Desktop ScrollTrigger updated at 1755181409392 progress: 0.0634835734136174
16:23:29.410  Desktop ScrollTrigger updated at 1755181409410 progress: 0.06536779527559056
16:23:29.426  Desktop ScrollTrigger updated at 1755181409426 progress: 0.06701736683649838
16:23:29.444  Desktop ScrollTrigger updated at 1755181409444 progress: 0.06864888837424733
16:23:29.459  Desktop ScrollTrigger updated at 1755181409459 progress: 0.07016308476146364
16:23:29.477  Desktop ScrollTrigger updated at 1755181409477 progress: 0.07164920333487726
16:23:29.493  Desktop ScrollTrigger updated at 1755181409493 progress: 0.07287459935155165
16:23:29.537  Desktop ScrollTrigger updated at 1755181409537 progress: 0.07565129458082445
16:23:29.559  Activating card 3 at 1755181409559
16:23:29.560  Desktop ScrollTrigger updated at 1755181409560 progress: 0.0770591963872163
16:23:29.584  Desktop ScrollTrigger updated at 1755181409584 progress: 0.07832470356646595
16:23:29.650  Desktop ScrollTrigger updated at 1755181409650 progress: 0.08114251273737842
16:23:29.675  Desktop ScrollTrigger updated at 1755181409675 progress: 0.0820560444650301
16:23:29.699  Desktop ScrollTrigger updated at 1755181409699 progress: 0.08277704261232052
16:23:29.759  Desktop ScrollTrigger updated at 1755181409759 progress: 0.08434940018527096
16:23:29.795  Desktop ScrollTrigger updated at 1755181409795 progress: 0.08509747336729967
16:23:29.862  Desktop ScrollTrigger updated at 1755181409862 progress: 0.08614136637332098
16:23:29.883  Desktop ScrollTrigger updated at 1755181409883 progress: 0.08639908059286708
16:23:29.902  Desktop ScrollTrigger updated at 1755181409902 progress: 0.08659863362667902
16:23:29.921  Desktop ScrollTrigger updated at 1755181409921 progress: 0.08679718388142658
16:23:29.974  Desktop ScrollTrigger updated at 1755181409974 progress: 0.08723238999536823
16:23:29.993  Desktop ScrollTrigger updated at 1755181409993 progress: 0.0873487123668365
16:23:30.020  Desktop ScrollTrigger updated at 1755181410020 progress: 0.08749712366836498
16:23:30.038  Desktop ScrollTrigger updated at 1755181410038 progress: 0.08758536822603057
16:23:30.055  Desktop ScrollTrigger updated at 1755181410055 progress: 0.08766458777211672
16:23:30.094  Desktop ScrollTrigger updated at 1755181410094 progress: 0.08781099351551644
16:23:30.113  Desktop ScrollTrigger updated at 1755181410113 progress: 0.08786514358499306
16:23:30.162  Desktop ScrollTrigger updated at 1755181410162 progress: 0.08798146595646132
16:23:30.181  Desktop ScrollTrigger updated at 1755181410181 progress: 0.08801656322371468
16:23:30.198  Desktop ScrollTrigger updated at 1755181410198 progress: 0.08804664659564614
16:23:30.245  Desktop ScrollTrigger updated at 1755181410244 progress: 0.08810480778138027
16:23:30.268  Desktop ScrollTrigger updated at 1755181410268 progress: 0.08812586614173228
16:23:30.311  Desktop ScrollTrigger updated at 1755181410311 progress: 0.08816096340898563
16:23:30.330  Desktop ScrollTrigger updated at 1755181410330 progress: 0.08817199397869384
16:23:30.346  Desktop ScrollTrigger updated at 1755181410346 progress: 0.08818101899027327
16:23:30.362  Desktop ScrollTrigger updated at 1755181410362 progress: 0.08818803844372394
16:23:30.378  Desktop ScrollTrigger updated at 1755181410378 progress: 0.08819405511811024
16:23:30.394  Desktop ScrollTrigger updated at 1755181410394 progress: 0.08820007179249653
16:23:30.411  Desktop ScrollTrigger updated at 1755181410411 progress: 0.08820508568781843
16:23:30.436  Desktop ScrollTrigger updated at 1755181410436 progress: 0.0882121051412691
16:23:30.461  Desktop ScrollTrigger updated at 1755181410461 progress: 0.0882181218156554
16:23:30.481  Desktop ScrollTrigger updated at 1755181410481 progress: 0.08822213293191293
16:23:30.497  Desktop ScrollTrigger updated at 1755181410497 progress: 0.0882241384900417
16:23:30.512  Desktop ScrollTrigger updated at 1755181410512 progress: 0.08822614404817045
16:23:30.535  Desktop ScrollTrigger updated at 1755181410535 progress: 0.0882291523853636
16:23:30.550  Desktop ScrollTrigger updated at 1755181410550 progress: 0.08823115794349236
16:23:30.566  Desktop ScrollTrigger updated at 1755181410566 progress: 0.08823216072255674
16:23:30.580  Desktop ScrollTrigger updated at 1755181410580 progress: 0.08823316350162112
16:23:30.598  Desktop ScrollTrigger updated at 1755181410598 progress: 0.08823516905974989
16:23:31.511  Desktop ScrollTrigger updated at 1755181411511 progress: 0.08823115794349236
16:23:31.526  Desktop ScrollTrigger updated at 1755181411526 progress: 0.08821711903659102
16:23:31.544  Desktop ScrollTrigger updated at 1755181411544 progress: 0.08817801065308013
16:23:31.562  Desktop ScrollTrigger updated at 1755181411562 progress: 0.08810681333950904
16:23:31.577  Desktop ScrollTrigger updated at 1755181411577 progress: 0.08801154932839277
16:23:31.592  Desktop ScrollTrigger updated at 1755181411592 progress: 0.08786714914312183
16:23:31.612  Desktop ScrollTrigger updated at 1755181411612 progress: 0.08760442102825382
16:23:31.629  Desktop ScrollTrigger updated at 1755181411629 progress: 0.08728152616952292
16:23:31.645  Desktop ScrollTrigger updated at 1755181411645 progress: 0.0868453172765169
16:23:31.663  Desktop ScrollTrigger updated at 1755181411663 progress: 0.08623061371005095
16:23:31.684  Desktop ScrollTrigger updated at 1755181411684 progress: 0.08542337656322371
16:23:31.701  Desktop ScrollTrigger updated at 1755181411701 progress: 0.08425714451134785
16:23:31.721  Desktop ScrollTrigger updated at 1755181411721 progress: 0.08297759842519685
16:23:31.740  Desktop ScrollTrigger updated at 1755181411740 progress: 0.08108134321445114
16:23:31.762  Desktop ScrollTrigger updated at 1755181411762 progress: 0.07869673459935154
16:23:31.782  Desktop ScrollTrigger updated at 1755181411782 progress: 0.07585886984715146
16:23:31.802  Desktop ScrollTrigger updated at 1755181411802 progress: 0.07278735757295043
16:23:31.824  Desktop ScrollTrigger updated at 1755181411824 progress: 0.06916331403427513
16:23:31.841  Desktop ScrollTrigger updated at 1755181411841 progress: 0.06617603520148217
16:23:31.860  Desktop ScrollTrigger updated at 1755181411860 progress: 0.06301828392774432
16:23:31.880  Desktop ScrollTrigger updated at 1755181411880 progress: 0.05952159333024549
16:23:31.902  Desktop ScrollTrigger updated at 1755181411901 progress: 0.056298661417322836
16:23:31.923  Desktop ScrollTrigger updated at 1755181411923 progress: 0.052867151459008804
16:23:31.946  Desktop ScrollTrigger updated at 1755181411946 progress: 0.048994418712366844
16:23:31.966  Desktop ScrollTrigger updated at 1755181411966 progress: 0.046066303844372394
16:23:31.988  Desktop ScrollTrigger updated at 1755181411987 progress: 0.04284638026864289
16:23:32.007  Desktop ScrollTrigger updated at 1755181412007 progress: 0.04033943260768875
16:23:32.017  Activating card 2 at 1755181412017
16:23:32.023  Desktop ScrollTrigger updated at 1755181412023 progress: 0.037811426586382584
16:23:32.045  Desktop ScrollTrigger updated at 1755181412045 progress: 0.035040748031496066
16:23:32.063  Desktop ScrollTrigger updated at 1755181412063 progress: 0.032698256137100506
16:23:32.081  Desktop ScrollTrigger updated at 1755181412081 progress: 0.030590414543770265
16:23:32.099  Desktop ScrollTrigger updated at 1755181412098 progress: 0.028800453913849004
16:23:32.114  Desktop ScrollTrigger updated at 1755181412114 progress: 0.026980409911996298
16:23:32.134  Desktop ScrollTrigger updated at 1755181412134 progress: 0.025146327003242243
16:23:32.158  Desktop ScrollTrigger updated at 1755181412158 progress: 0.022858987957387677
16:23:32.176  Desktop ScrollTrigger updated at 1755181412176 progress: 0.021083066234367762
16:23:32.192  Desktop ScrollTrigger updated at 1755181412192 progress: 0.019735331171838816
16:23:32.210  Desktop ScrollTrigger updated at 1755181412210 progress: 0.018332443260768876
16:23:32.226  Desktop ScrollTrigger updated at 1755181412226 progress: 0.017076963872163037
16:23:32.242  Desktop ScrollTrigger updated at 1755181412242 progress: 0.015809451134784623
16:23:32.259  Desktop ScrollTrigger updated at 1755181412259 progress: 0.01461012737378416
16:23:32.271  Activating card 1 at 1755181412271
16:23:32.277  Desktop ScrollTrigger updated at 1755181412277 progress: 0.013474981472904123
16:23:32.293  Desktop ScrollTrigger updated at 1755181412293 progress: 0.012401005094951368
16:23:32.321  Desktop ScrollTrigger updated at 1755181412321 progress: 0.010879789254284391
16:23:32.338  Desktop ScrollTrigger updated at 1755181412338 progress: 0.009907093561834184
16:23:32.366  Desktop ScrollTrigger updated at 1755181412366 progress: 0.008519247336729967
16:23:32.383  Desktop ScrollTrigger updated at 1755181412383 progress: 0.007742093561834183
16:23:32.413  Desktop ScrollTrigger updated at 1755181412413 progress: 0.006467561371005095
16:23:32.431  Desktop ScrollTrigger updated at 1755181412431 progress: 0.0057716327003242245
16:23:32.451  Desktop ScrollTrigger updated at 1755181412451 progress: 0.005075704029643353
16:23:32.479  Desktop ScrollTrigger updated at 1755181412479 progress: 0.004084958314034276
16:23:32.500  Desktop ScrollTrigger updated at 1755181412500 progress: 0.003518388142658638
16:23:32.529  Desktop ScrollTrigger updated at 1755181412529 progress: 0.0027081426586382587
16:23:32.549  Desktop ScrollTrigger updated at 1755181412549 progress: 0.0022248031496062996
16:23:32.567  Desktop ScrollTrigger updated at 1755181412567 progress: 0.001826699861046781
16:23:32.595  Desktop ScrollTrigger updated at 1755181412595 progress: 0.0012721630384437237
16:23:32.613  Desktop ScrollTrigger updated at 1755181412613 progress: 0.0009522765169059752
16:23:32.645  Desktop ScrollTrigger updated at 1755181412645 progress: 0.00044487031032885575
16:23:32.664  Desktop ScrollTrigger updated at 1755181412664 progress: 0.0001771283001389531
16:23:32.684  Desktop ScrollTrigger updated at 1755181412684 progress: 0
16:23:33.620  Activating card 0 at 1755181413620
16:23:34.181  Navigating to card 4 at 1755181414181
16:23:34.212  Desktop ScrollTrigger updated at 1755181414212 progress: 0.0068185340435386755
16:23:34.212  Desktop ScrollTrigger entered at 1755181414212
16:23:34.229  Activating card 1 at 1755181414229
16:23:34.230  Desktop ScrollTrigger updated at 1755181414230 progress: 0.0146843330245484
16:23:34.246  Desktop ScrollTrigger updated at 1755181414246 progress: 0.02284896016674386
16:23:34.262  Desktop ScrollTrigger updated at 1755181414262 progress: 0.02954752431681334
16:23:34.277  Desktop ScrollTrigger updated at 1755181414277 progress: 0.035388712366836494
16:23:34.295  Desktop ScrollTrigger updated at 1755181414295 progress: 0.041880704029643355
16:23:34.315  Desktop ScrollTrigger updated at 1755181414315 progress: 0.047535375173691524
16:23:34.332  Desktop ScrollTrigger updated at 1755181414332 progress: 0.05335450208429829
16:23:34.348  Desktop ScrollTrigger updated at 1755181414348 progress: 0.05787904122278833
16:23:34.363  Desktop ScrollTrigger updated at 1755181414363 progress: 0.06208670217693377
16:23:34.380  Desktop ScrollTrigger updated at 1755181414380 progress: 0.06600054886521538
16:23:34.396  Activating card 2 at 1755181414396
16:23:34.396  Desktop ScrollTrigger updated at 1755181414396 progress: 0.06986325382121353
16:23:34.414  Desktop ScrollTrigger updated at 1755181414414 progress: 0.07344317508105605
16:23:34.429  Desktop ScrollTrigger updated at 1755181414429 progress: 0.07657485409911996
16:23:34.445  Desktop ScrollTrigger updated at 1755181414445 progress: 0.07931544928207504
16:23:34.462  Desktop ScrollTrigger updated at 1755181414462 progress: 0.08221047244094488
16:23:34.479  Desktop ScrollTrigger updated at 1755181414479 progress: 0.08489591477535896
16:23:34.498  Desktop ScrollTrigger updated at 1755181414498 progress: 0.08767060444650301
16:23:34.515  Activating card 3 at 1755181414515
16:23:34.515  Desktop ScrollTrigger updated at 1755181414515 progress: 0.09009532422417786
16:23:34.534  Desktop ScrollTrigger updated at 1755181414534 progress: 0.0923355326540065
16:23:34.555  Desktop ScrollTrigger updated at 1755181414555 progress: 0.09451757989810099
16:23:34.573  Desktop ScrollTrigger updated at 1755181414573 progress: 0.09662742704955998
16:23:34.605  Desktop ScrollTrigger updated at 1755181414605 progress: 0.09964077813802687
16:23:34.622  Desktop ScrollTrigger updated at 1755181414622 progress: 0.10099653543307086
16:23:34.638  Desktop ScrollTrigger updated at 1755181414638 progress: 0.10233624826308477
16:23:34.677  Desktop ScrollTrigger updated at 1755181414677 progress: 0.10505377952755905
16:23:34.697  Activating card 4 at 1755181414697
16:23:34.697  Desktop ScrollTrigger updated at 1755181414697 progress: 0.10627516442797591
16:23:34.720  Desktop ScrollTrigger updated at 1755181414720 progress: 0.10749654932839277
16:23:34.761  Desktop ScrollTrigger updated at 1755181414761 progress: 0.10951514358499306
16:23:34.778  Desktop ScrollTrigger updated at 1755181414778 progress: 0.11022611394163966
16:23:34.827  Desktop ScrollTrigger updated at 1755181414827 progress: 0.11201707735062529
16:23:34.847  Desktop ScrollTrigger updated at 1755181414847 progress: 0.11256258916164891
16:23:34.865  Desktop ScrollTrigger updated at 1755181414865 progress: 0.11311612320518759
16:23:34.910  Desktop ScrollTrigger updated at 1755181414910 progress: 0.11417405511811024
16:23:34.928  Desktop ScrollTrigger updated at 1755181414928 progress: 0.11451399722093561
16:23:34.977  Desktop ScrollTrigger updated at 1755181414977 progress: 0.11533828161185734
16:23:34.995  Desktop ScrollTrigger updated at 1755181414995 progress: 0.11558997915701713
16:23:35.014  Desktop ScrollTrigger updated at 1755181415014 progress: 0.11584067392311255
16:23:35.061  Desktop ScrollTrigger updated at 1755181415061 progress: 0.11632000231588698
16:23:35.080  Desktop ScrollTrigger updated at 1755181415080 progress: 0.11648245252431681
16:23:35.138  Desktop ScrollTrigger updated at 1755181415138 progress: 0.11687554191755443
16:23:35.155  Desktop ScrollTrigger updated at 1755181415155 progress: 0.11696579203334878
16:23:35.179  Desktop ScrollTrigger updated at 1755181415179 progress: 0.11706005326540066
16:23:35.228  Desktop ScrollTrigger updated at 1755181415228 progress: 0.11725459240389068
16:23:35.247  Desktop ScrollTrigger updated at 1755181415247 progress: 0.11731175081056043
16:23:35.267  Desktop ScrollTrigger updated at 1755181415267 progress: 0.11735787864752201
16:23:35.312  Desktop ScrollTrigger updated at 1755181415312 progress: 0.11744612320518757
16:23:35.334  Desktop ScrollTrigger updated at 1755181415334 progress: 0.11747821213524781
16:23:35.353  Desktop ScrollTrigger updated at 1755181415353 progress: 0.11750127605372858
16:23:35.370  Desktop ScrollTrigger updated at 1755181415370 progress: 0.1175223344140806
16:23:35.399  Desktop ScrollTrigger updated at 1755181415399 progress: 0.11754640111162575
16:23:35.435  Desktop ScrollTrigger updated at 1755181415435 progress: 0.11757548170449282
16:23:35.459  Desktop ScrollTrigger updated at 1755181415459 progress: 0.11759052339045854
16:23:35.481  Desktop ScrollTrigger updated at 1755181415481 progress: 0.11760155396016675
16:23:35.499  Desktop ScrollTrigger updated at 1755181415499 progress: 0.11760857341361741
16:23:35.518  Desktop ScrollTrigger updated at 1755181415518 progress: 0.1176145900880037
16:23:35.534  Desktop ScrollTrigger updated at 1755181415534 progress: 0.11762060676238999
16:23:35.551  Desktop ScrollTrigger updated at 1755181415551 progress: 0.11762461787864752
16:23:35.571  Desktop ScrollTrigger updated at 1755181415571 progress: 0.11762862899490505
16:23:35.589  Desktop ScrollTrigger updated at 1755181415589 progress: 0.11763364289022694
16:23:35.606  Desktop ScrollTrigger updated at 1755181415606 progress: 0.11763665122742009
16:23:35.627  Desktop ScrollTrigger updated at 1755181415627 progress: 0.11763965956461325
16:23:35.651  Desktop ScrollTrigger updated at 1755181415651 progress: 0.1176426679018064
16:23:35.669  Desktop ScrollTrigger updated at 1755181415669 progress: 0.11764467345993515
16:23:35.686  Desktop ScrollTrigger updated at 1755181415686 progress: 0.1176466790180639
16:23:37.226  Desktop ScrollTrigger updated at 1755181417226 progress: 0.11764367068087077
16:23:37.246  Desktop ScrollTrigger updated at 1755181417246 progress: 0.11762562065771191
16:23:37.270  Desktop ScrollTrigger updated at 1755181417270 progress: 0.1175383788791107
16:23:37.295  Desktop ScrollTrigger updated at 1755181417295 progress: 0.11739197313571097
16:23:37.325  Desktop ScrollTrigger updated at 1755181417325 progress: 0.11712022000926356
16:23:37.350  Desktop ScrollTrigger updated at 1755181417350 progress: 0.1166639555349699
16:23:37.375  Desktop ScrollTrigger updated at 1755181417375 progress: 0.11588579898100973
16:23:37.403  Desktop ScrollTrigger updated at 1755181417403 progress: 0.11485093098656786
16:23:37.430  Desktop ScrollTrigger updated at 1755181417430 progress: 0.11306899258916164
16:23:37.458  Desktop ScrollTrigger updated at 1755181417458 progress: 0.11099725104214914
16:23:37.479  Desktop ScrollTrigger updated at 1755181417479 progress: 0.10817041685965725
16:23:37.501  Desktop ScrollTrigger updated at 1755181417501 progress: 0.10436787864752199
16:23:37.524  Desktop ScrollTrigger updated at 1755181417524 progress: 0.10030862899490506
16:23:37.547  Desktop ScrollTrigger updated at 1755181417547 progress: 0.09590041222788329
16:23:37.572  Desktop ScrollTrigger updated at 1755181417572 progress: 0.09123648679944418
16:23:37.595  Desktop ScrollTrigger updated at 1755181417595 progress: 0.08616142195460862
16:23:37.620  Desktop ScrollTrigger updated at 1755181417620 progress: 0.0812417878647522
16:23:37.643  Desktop ScrollTrigger updated at 1755181417643 progress: 0.07618978693839741
16:23:37.667  Desktop ScrollTrigger updated at 1755181417667 progress: 0.07157800602130616
16:23:37.695  Desktop ScrollTrigger updated at 1755181417695 progress: 0.06620311023622047
16:23:37.721  Activating card 3 at 1755181417721
16:23:37.721  Desktop ScrollTrigger updated at 1755181417721 progress: 0.061389770727188514
16:23:37.748  Desktop ScrollTrigger updated at 1755181417748 progress: 0.05620038906901344
16:23:37.775  Desktop ScrollTrigger updated at 1755181417775 progress: 0.051912505789717456
16:23:37.803  Desktop ScrollTrigger updated at 1755181417803 progress: 0.04733181102362205
16:23:37.827  Desktop ScrollTrigger updated at 1755181417827 progress: 0.04384815655396017
16:23:37.852  Desktop ScrollTrigger updated at 1755181417852 progress: 0.04020004631773969
16:23:37.875  Desktop ScrollTrigger updated at 1755181417875 progress: 0.037230817508105606
16:23:37.901  Activating card 2 at 1755181417901
16:23:37.901  Desktop ScrollTrigger updated at 1755181417901 progress: 0.033982816118573414
16:23:37.925  Desktop ScrollTrigger updated at 1755181417925 progress: 0.03112589856415007
16:23:37.948  Desktop ScrollTrigger updated at 1755181417948 progress: 0.028589870310328856
16:23:37.972  Desktop ScrollTrigger updated at 1755181417972 progress: 0.026138075497915702
16:23:37.994  Desktop ScrollTrigger updated at 1755181417994 progress: 0.02389485873089393
16:23:38.018  Desktop ScrollTrigger updated at 1755181418018 progress: 0.021816097730430754
16:23:38.042  Desktop ScrollTrigger updated at 1755181418042 progress: 0.019753381194997685
16:23:38.070  Desktop ScrollTrigger updated at 1755181418070 progress: 0.017631500694766097
16:23:38.096  Desktop ScrollTrigger updated at 1755181418096 progress: 0.015655023158869845
16:23:38.123  Activating card 1 at 1755181418123
16:23:38.123  Desktop ScrollTrigger updated at 1755181418123 progress: 0.013861051412691061
16:23:38.158  Desktop ScrollTrigger updated at 1755181418158 progress: 0.011797332098193608
16:23:38.196  Desktop ScrollTrigger updated at 1755181418196 progress: 0.009992329782306623
16:23:38.225  Desktop ScrollTrigger updated at 1755181418225 progress: 0.008328719314497452
16:23:38.269  Desktop ScrollTrigger updated at 1755181418269 progress: 0.006414414080592867
16:23:38.296  Desktop ScrollTrigger updated at 1755181418296 progress: 0.005403612783696155
16:23:38.377  Desktop ScrollTrigger updated at 1755181418377 progress: 0.003106245947197777
16:23:38.416  Desktop ScrollTrigger updated at 1755181418416 progress: 0.0022508754052802224
16:23:38.468  Desktop ScrollTrigger updated at 1755181418468 progress: 0.0011809101435849931
16:23:38.549  Desktop ScrollTrigger updated at 1755181418549 progress: 0
16:23:39.489  Activating card 0 at 1755181419489
16:23:40.131  Navigating to card 1 at 1755181420131
16:23:40.186  Desktop ScrollTrigger updated at 1755181420186 progress: 0.00214056970819824
16:23:40.187  Desktop ScrollTrigger entered at 1755181420187
16:23:40.219  Activating card 1 at 1755181420219
16:23:40.221  Desktop ScrollTrigger updated at 1755181420221 progress: 0.0058618828161185734
16:23:40.250  Desktop ScrollTrigger updated at 1755181420250 progress: 0.009065761926817972
16:23:40.278  Desktop ScrollTrigger updated at 1755181420278 progress: 0.011587751273737842
16:23:40.307  Desktop ScrollTrigger updated at 1755181420307 progress: 0.013723670680870775
16:23:40.340  Desktop ScrollTrigger updated at 1755181420340 progress: 0.01585658175081056
16:23:40.367  Desktop ScrollTrigger updated at 1755181420367 progress: 0.017541250578971747
16:23:40.395  Desktop ScrollTrigger updated at 1755181420395 progress: 0.018927091245947197
16:23:40.425  Desktop ScrollTrigger updated at 1755181420424 progress: 0.02028385132005558
16:23:40.452  Desktop ScrollTrigger updated at 1755181420452 progress: 0.021398941639647985
16:23:40.481  Desktop ScrollTrigger updated at 1755181420481 progress: 0.022385676238999536
16:23:40.510  Desktop ScrollTrigger updated at 1755181420510 progress: 0.02325809402501158
16:23:40.546  Desktop ScrollTrigger updated at 1755181420546 progress: 0.024259870310328852
16:23:40.578  Desktop ScrollTrigger updated at 1755181420578 progress: 0.024938751736915236
16:23:40.610  Desktop ScrollTrigger updated at 1755181420610 progress: 0.025651727651690596
16:23:40.640  Desktop ScrollTrigger updated at 1755181420640 progress: 0.026196236683649836
16:23:40.668  Desktop ScrollTrigger updated at 1755181420668 progress: 0.02662743168133395
16:23:40.695  Desktop ScrollTrigger updated at 1755181420695 progress: 0.026994448818897638
16:23:40.726  Desktop ScrollTrigger updated at 1755181420726 progress: 0.027329377026401112
16:23:40.770  Desktop ScrollTrigger updated at 1755181420770 progress: 0.02773851088466883
16:23:40.801  Desktop ScrollTrigger updated at 1755181420801 progress: 0.028052380731820287
16:23:40.841  Desktop ScrollTrigger updated at 1755181420841 progress: 0.028321125521074568
16:23:40.869  Desktop ScrollTrigger updated at 1755181420869 progress: 0.028505636868920794
16:23:40.897  Desktop ScrollTrigger updated at 1755181420897 progress: 0.02864803149606299
16:23:40.926  Desktop ScrollTrigger updated at 1755181420926 progress: 0.028770370541917552
16:23:40.955  Desktop ScrollTrigger updated at 1755181420955 progress: 0.02887566234367763
16:23:40.984  Desktop ScrollTrigger updated at 1755181420984 progress: 0.028974937471051412
16:23:41.011  Desktop ScrollTrigger updated at 1755181421011 progress: 0.029047137563686893
16:23:41.039  Desktop ScrollTrigger updated at 1755181421039 progress: 0.029111315423807318
16:23:41.078  Desktop ScrollTrigger updated at 1755181421078 progress: 0.02917348772579898
16:23:41.106  Desktop ScrollTrigger updated at 1755181421106 progress: 0.029224629458082445
16:23:41.132  Desktop ScrollTrigger updated at 1755181421132 progress: 0.0292597267253358
16:23:41.172  Desktop ScrollTrigger updated at 1755181421172 progress: 0.029296829550717926
16:23:41.200  Desktop ScrollTrigger updated at 1755181421200 progress: 0.029320896248263083
16:23:41.228  Desktop ScrollTrigger updated at 1755181421228 progress: 0.029338946271421956
16:23:41.255  Desktop ScrollTrigger updated at 1755181421255 progress: 0.0293529851783233
16:23:41.283  Desktop ScrollTrigger updated at 1755181421283 progress: 0.02936501852709588
16:23:41.311  Desktop ScrollTrigger updated at 1755181421311 progress: 0.029374043538675315
16:23:41.343  Desktop ScrollTrigger updated at 1755181421343 progress: 0.029383068550254746
16:23:41.372  Desktop ScrollTrigger updated at 1755181421372 progress: 0.029389085224641037
16:23:41.425  Desktop ScrollTrigger updated at 1755181421425 progress: 0.029396104678091707
16:23:41.444  Desktop ScrollTrigger updated at 1755181421444 progress: 0.029401118573413616
16:23:41.464  Desktop ScrollTrigger updated at 1755181421464 progress: 0.02940312413154238
16:23:41.482  Desktop ScrollTrigger updated at 1755181421481 progress: 0.029404126910606763
16:23:41.495  Desktop ScrollTrigger updated at 1755181421495 progress: 0.029406132468735528
16:23:41.512  Desktop ScrollTrigger updated at 1755181421512 progress: 0.029407135247799907
16:23:41.530  Desktop ScrollTrigger updated at 1755181421530 progress: 0.02940813802686429
16:23:41.568  Desktop ScrollTrigger updated at 1755181421568 progress: 0.02940914080592867
16:23:41.583  Desktop ScrollTrigger updated at 1755181421583 progress: 0.029410143584993054
16:23:41.603  Desktop ScrollTrigger updated at 1755181421603 progress: 0.029411146364057436
16:23:41.645  Desktop ScrollTrigger updated at 1755181421645 progress: 0.029412149143121815
16:23:41.939  Desktop ScrollTrigger updated at 1755181421939 progress: 0.029625741083835106
16:23:41.948  Activating card 2 at 1755181421948
16:23:41.956  Desktop ScrollTrigger updated at 1755181421956 progress: 0.029757105141269106
16:23:41.983  Desktop ScrollTrigger updated at 1755181421983 progress: 0.030009805465493283
16:23:42.002  Desktop ScrollTrigger updated at 1755181422002 progress: 0.030348744789254287
16:23:42.019  Desktop ScrollTrigger updated at 1755181422019 progress: 0.030802000926354794
16:23:42.044  Desktop ScrollTrigger updated at 1755181422044 progress: 0.03138261000463178
16:23:42.063  Desktop ScrollTrigger updated at 1755181422063 progress: 0.031818818897637796
16:23:42.089  Desktop ScrollTrigger updated at 1755181422089 progress: 0.032215919407132934
16:23:42.108  Desktop ScrollTrigger updated at 1755181422108 progress: 0.03266315886984715
16:23:42.127  Desktop ScrollTrigger updated at 1755181422127 progress: 0.03319262621584067
16:23:42.144  Desktop ScrollTrigger updated at 1755181422144 progress: 0.03360577119036591
16:23:42.166  Desktop ScrollTrigger updated at 1755181422166 progress: 0.03400688281611858
16:23:42.183  Desktop ScrollTrigger updated at 1755181422183 progress: 0.03443506947660954
16:23:42.197  Desktop ScrollTrigger updated at 1755181422197 progress: 0.034697797591477536
16:23:42.212  Desktop ScrollTrigger updated at 1755181422212 progress: 0.03496152848540991
16:23:42.229  Desktop ScrollTrigger updated at 1755181422229 progress: 0.03523829550717925
16:23:42.244  Desktop ScrollTrigger updated at 1755181422244 progress: 0.035465926354793884
16:23:42.271  Desktop ScrollTrigger updated at 1755181422271 progress: 0.03577177396943029
16:23:42.292  Desktop ScrollTrigger updated at 1755181422292 progress: 0.03609667438628995
16:23:42.311  Desktop ScrollTrigger updated at 1755181422311 progress: 0.03631126910606762
16:23:42.327  Desktop ScrollTrigger updated at 1755181422327 progress: 0.036478733209819356
16:23:42.353  Desktop ScrollTrigger updated at 1755181422353 progress: 0.036671266790180644
16:23:42.376  Desktop ScrollTrigger updated at 1755181422376 progress: 0.03692196155627605
16:23:42.396  Desktop ScrollTrigger updated at 1755181422396 progress: 0.03706335340435387
16:23:42.413  Desktop ScrollTrigger updated at 1755181422413 progress: 0.03719973135710977
16:23:42.429  Desktop ScrollTrigger updated at 1755181422429 progress: 0.037300009263547936
16:23:42.447  Desktop ScrollTrigger updated at 1755181422447 progress: 0.0374113177396943
16:23:42.464  Desktop ScrollTrigger updated at 1755181422464 progress: 0.037514603983325616
16:23:42.481  Desktop ScrollTrigger updated at 1755181422481 progress: 0.03760084298286243
16:23:42.497  Desktop ScrollTrigger updated at 1755181422497 progress: 0.0376850764242705
16:23:42.513  Desktop ScrollTrigger updated at 1755181422513 progress: 0.03775827929597036
16:23:42.534  Desktop ScrollTrigger updated at 1755181422534 progress: 0.03783950440018527
16:23:42.551  Desktop ScrollTrigger updated at 1755181422551 progress: 0.037910701713756365
16:23:42.567  Desktop ScrollTrigger updated at 1755181422567 progress: 0.037969865678554884
16:23:42.585  Desktop ScrollTrigger updated at 1755181422585 progress: 0.038210532654006486
16:23:42.601  Desktop ScrollTrigger updated at 1755181422601 progress: 0.03840808012968967
16:23:42.617  Desktop ScrollTrigger updated at 1755181422617 progress: 0.03860161648911533
16:23:42.633  Desktop ScrollTrigger updated at 1755181422633 progress: 0.038916489115331174
16:23:42.650  Desktop ScrollTrigger updated at 1755181422650 progress: 0.03924640342751273
16:23:42.669  Desktop ScrollTrigger updated at 1755181422669 progress: 0.03956929828624363
16:23:42.686  Desktop ScrollTrigger updated at 1755181422686 progress: 0.03986511811023622
16:23:42.702  Desktop ScrollTrigger updated at 1755181422702 progress: 0.040275254747568316
16:23:42.721  Desktop ScrollTrigger updated at 1755181422721 progress: 0.04070043307086614
16:23:42.737  Desktop ScrollTrigger updated at 1755181422737 progress: 0.04106945576655859
16:23:42.753  Desktop ScrollTrigger updated at 1755181422753 progress: 0.041391347846225106
16:23:42.769  Desktop ScrollTrigger updated at 1755181422769 progress: 0.04169017600741084
16:23:42.786  Desktop ScrollTrigger updated at 1755181422786 progress: 0.04216148216767022
16:23:42.802  Desktop ScrollTrigger updated at 1755181422802 progress: 0.04257161880500232
16:23:42.818  Desktop ScrollTrigger updated at 1755181422818 progress: 0.042951672070402964
16:23:42.834  Desktop ScrollTrigger updated at 1755181422834 progress: 0.04330465030106531
16:23:42.851  Desktop ScrollTrigger updated at 1755181422851 progress: 0.04365060907827698
16:23:42.867  Desktop ScrollTrigger updated at 1755181422867 progress: 0.043953448355720244
16:23:42.907  Desktop ScrollTrigger updated at 1755181422907 progress: 0.04460324918943955
16:23:42.931  Desktop ScrollTrigger updated at 1755181422931 progress: 0.04489405511811023
16:23:42.949  Desktop ScrollTrigger updated at 1755181422949 progress: 0.0451968943955535
16:23:42.986  Desktop ScrollTrigger updated at 1755181422986 progress: 0.04562407827698008
16:23:43.004  Desktop ScrollTrigger updated at 1755181423004 progress: 0.04580758684576192
16:23:43.025  Desktop ScrollTrigger updated at 1755181423025 progress: 0.04597705650764242
16:23:43.065  Desktop ScrollTrigger updated at 1755181423065 progress: 0.04633204029643353
16:23:43.083  Desktop ScrollTrigger updated at 1755181423083 progress: 0.04645437934228809
16:23:43.143  Desktop ScrollTrigger updated at 1755181423143 progress: 0.04682741315423808
16:23:43.162  Desktop ScrollTrigger updated at 1755181423162 progress: 0.046924682723483095
16:23:43.186  Desktop ScrollTrigger updated at 1755181423186 progress: 0.047259610930986566
16:23:43.243  Desktop ScrollTrigger updated at 1755181423243 progress: 0.04796957850856878
16:23:43.270  Desktop ScrollTrigger updated at 1755181423270 progress: 0.048489018063918476
16:23:43.317  Desktop ScrollTrigger updated at 1755181423317 progress: 0.04973346688281612
16:23:43.349  Desktop ScrollTrigger updated at 1755181423349 progress: 0.05057680407596109
16:23:43.381  Desktop ScrollTrigger updated at 1755181423381 progress: 0.05148231357109773
16:23:43.417  Desktop ScrollTrigger updated at 1755181423417 progress: 0.05248208429828624
16:23:43.436  Desktop ScrollTrigger updated at 1755181423436 progress: 0.05287417091245947
16:23:43.491  Desktop ScrollTrigger updated at 1755181423491 progress: 0.05374057202408522
16:23:43.517  Desktop ScrollTrigger updated at 1755181423517 progress: 0.0542118781843446
16:23:43.536  Desktop ScrollTrigger updated at 1755181423536 progress: 0.05446056739231126
16:23:43.595  Desktop ScrollTrigger updated at 1755181423595 progress: 0.05510435155164428
16:23:43.614  Desktop ScrollTrigger updated at 1755181423614 progress: 0.05529086845761927
16:23:43.654  Desktop ScrollTrigger updated at 1755181423654 progress: 0.05561777443260769
16:23:43.670  Desktop ScrollTrigger updated at 1755181423670 progress: 0.05573309402501157
16:23:43.688  Desktop ScrollTrigger updated at 1755181423688 progress: 0.05584741083835109
16:23:43.705  Desktop ScrollTrigger updated at 1755181423705 progress: 0.055959722093561835
16:23:43.722  Desktop ScrollTrigger updated at 1755181423722 progress: 0.056057994441871234
16:23:43.740  Desktop ScrollTrigger updated at 1755181423740 progress: 0.056154261232051875
16:23:43.759  Desktop ScrollTrigger updated at 1755181423759 progress: 0.056422003242241774
16:23:43.779  Desktop ScrollTrigger updated at 1755181423779 progress: 0.056707795275590556
16:23:43.808  Desktop ScrollTrigger updated at 1755181423808 progress: 0.05720216535433071
16:23:43.834  Desktop ScrollTrigger updated at 1755181423834 progress: 0.05783592172301992
16:23:43.860  Desktop ScrollTrigger updated at 1755181423860 progress: 0.05860104214914312
16:23:43.877  Desktop ScrollTrigger updated at 1755181423877 progress: 0.05919468735525707
16:23:43.897  Desktop ScrollTrigger updated at 1755181423897 progress: 0.059833457619268185
16:23:43.912  Desktop ScrollTrigger updated at 1755181423911 progress: 0.06027468040759611
16:23:43.930  Desktop ScrollTrigger updated at 1755181423930 progress: 0.060988659101435846
16:23:43.945  Desktop ScrollTrigger updated at 1755181423945 progress: 0.06150809865678555
16:23:43.964  Desktop ScrollTrigger updated at 1755181423964 progress: 0.062084696618805
16:23:43.982  Desktop ScrollTrigger updated at 1755181423982 progress: 0.0626432445576656
16:23:43.994  Activating card 3 at 1755181423994
16:23:43.999  Desktop ScrollTrigger updated at 1755181423999 progress: 0.06307644511347846
16:23:44.017  Desktop ScrollTrigger updated at 1755181424017 progress: 0.06352669291338583
16:23:44.034  Desktop ScrollTrigger updated at 1755181424034 progress: 0.06391877952755906
16:23:44.048  Desktop ScrollTrigger updated at 1755181424048 progress: 0.06421961324687356
16:23:44.065  Desktop ScrollTrigger updated at 1755181424065 progress: 0.06455955534969893
16:23:44.081  Desktop ScrollTrigger updated at 1755181424081 progress: 0.06483933070866141
16:23:44.096  Desktop ScrollTrigger updated at 1755181424096 progress: 0.06513314497452524
16:23:44.115  Desktop ScrollTrigger updated at 1755181424115 progress: 0.06537481472904122
16:23:44.134  Desktop ScrollTrigger updated at 1755181424134 progress: 0.0656876817971283
16:23:44.149  Desktop ScrollTrigger updated at 1755181424149 progress: 0.06590729041222788
16:23:44.165  Desktop ScrollTrigger updated at 1755181424165 progress: 0.06611085456229736
16:23:44.182  Desktop ScrollTrigger updated at 1755181424182 progress: 0.06630138258452987
16:23:44.197  Desktop ScrollTrigger updated at 1755181424197 progress: 0.06647887447892543
16:23:44.212  Desktop ScrollTrigger updated at 1755181424212 progress: 0.06663430523390458
16:23:44.227  Desktop ScrollTrigger updated at 1755181424227 progress: 0.06677970819823992
16:23:44.245  Desktop ScrollTrigger updated at 1755181424245 progress: 0.06694215840666976
16:23:44.262  Desktop ScrollTrigger updated at 1755181424262 progress: 0.06708455303381194
16:23:44.277  Desktop ScrollTrigger updated at 1755181424277 progress: 0.0672018781843446
16:23:44.297  Desktop ScrollTrigger updated at 1755181424297 progress: 0.06734627836961556
16:23:44.313  Desktop ScrollTrigger updated at 1755181424313 progress: 0.06745257295044002
16:23:44.330  Desktop ScrollTrigger updated at 1755181424330 progress: 0.06755886753126447
16:23:44.348  Desktop ScrollTrigger updated at 1755181424348 progress: 0.06766215377489579
16:23:44.367  Desktop ScrollTrigger updated at 1755181424367 progress: 0.06775741778601205
16:23:44.385  Desktop ScrollTrigger updated at 1755181424384 progress: 0.06784566234367763
16:23:44.402  Desktop ScrollTrigger updated at 1755181424402 progress: 0.06792287633163502
16:23:44.418  Desktop ScrollTrigger updated at 1755181424417 progress: 0.06799106530801298
16:23:44.432  Desktop ScrollTrigger updated at 1755181424432 progress: 0.06805022927281149
16:23:44.447  Desktop ScrollTrigger updated at 1755181424447 progress: 0.0681043793422881
16:23:44.464  Desktop ScrollTrigger updated at 1755181424464 progress: 0.06816254052802223
16:23:44.483  Desktop ScrollTrigger updated at 1755181424483 progress: 0.06822270727188513
16:23:44.505  Desktop ScrollTrigger updated at 1755181424505 progress: 0.06827986567855489
16:23:44.522  Desktop ScrollTrigger updated at 1755181424522 progress: 0.06832499073645205
16:23:44.542  Desktop ScrollTrigger updated at 1755181424542 progress: 0.06837312413154238
16:23:44.562  Desktop ScrollTrigger updated at 1755181424562 progress: 0.06842025474756831
16:23:44.580  Desktop ScrollTrigger updated at 1755181424580 progress: 0.0684543492357573
16:23:44.595  Desktop ScrollTrigger updated at 1755181424595 progress: 0.06848342982862436
16:23:44.610  Desktop ScrollTrigger updated at 1755181424610 progress: 0.06850849930523391
16:23:44.633  Desktop ScrollTrigger updated at 1755181424633 progress: 0.06853757989810097
16:23:44.652  Desktop ScrollTrigger updated at 1755181424652 progress: 0.06856866604909681
16:23:44.668  Desktop ScrollTrigger updated at 1755181424668 progress: 0.0684102269569245
16:23:44.685  Desktop ScrollTrigger updated at 1755181424685 progress: 0.06827184344603983
16:23:44.701  Desktop ScrollTrigger updated at 1755181424701 progress: 0.06796098193608151
16:23:44.719  Desktop ScrollTrigger updated at 1755181424719 progress: 0.06749870078740157
16:23:44.736  Desktop ScrollTrigger updated at 1755181424736 progress: 0.06689703334877257
16:23:44.753  Desktop ScrollTrigger updated at 1755181424753 progress: 0.06634149374710514
16:23:44.769  Desktop ScrollTrigger updated at 1755181424769 progress: 0.06569069013432144
16:23:44.786  Desktop ScrollTrigger updated at 1755181424786 progress: 0.06505191987031032
16:23:44.804  Desktop ScrollTrigger updated at 1755181424804 progress: 0.0644632885595183
16:23:44.821  Desktop ScrollTrigger updated at 1755181424821 progress: 0.06388869615562762
16:23:44.837  Desktop ScrollTrigger updated at 1755181424837 progress: 0.06341638721630384
16:23:44.853  Desktop ScrollTrigger updated at 1755181424853 progress: 0.06297817276516907
16:23:44.870  Desktop ScrollTrigger updated at 1755181424870 progress: 0.06254697776748494
16:23:44.887  Desktop ScrollTrigger updated at 1755181424887 progress: 0.062148874478925434
16:23:44.904  Desktop ScrollTrigger updated at 1755181424904 progress: 0.06180091014358499
16:23:44.920  Desktop ScrollTrigger updated at 1755181424920 progress: 0.06145795970356646
16:23:44.936 cardDeckAnimation.ts:117 Desktop ScrollTrigger updated at 1755181424936 progress: 0.06115812876331635
16:23:44.955 cardDeckAnimation.ts:117 Desktop ScrollTrigger updated at 1755181424955 progress: 0.060845261695229275
16:23:44.971 cardDeckAnimation.ts:117 Desktop ScrollTrigger updated at 1755181424971 progress: 0.06057250578971746
16:23:44.988 cardDeckAnimation.ts:117 Desktop ScrollTrigger updated at 1755181424988 progress: 0.06033384437239463
16:23:45.004 cardDeckAnimation.ts:117 Desktop ScrollTrigger updated at 1755181425004 progress: 0.060098191292264944
16:23:45.021 cardDeckAnimation.ts:117 Desktop ScrollTrigger updated at 1755181425020 progress: 0.059891618805002315
16:23:45.037 cardDeckAnimation.ts:117 Desktop ScrollTrigger updated at 1755181425037 progress: 0.059688054654932834
16:23:45.053 cardDeckAnimation.ts:117 Desktop ScrollTrigger updated at 1755181425053 progress: 0.059509559981472906
16:23:45.069 cardDeckAnimation.ts:117 Desktop ScrollTrigger updated at 1755181425069 progress: 0.059343098656785546
16:23:45.085 cardDeckAnimation.ts:117 Desktop ScrollTrigger updated at 1755181425085 progress: 0.05918766790180639
16:23:45.102 cardDeckAnimation.ts:117 Desktop ScrollTrigger updated at 1755181425102 progress: 0.059034242704956
16:23:45.118 cardDeckAnimation.ts:117 Desktop ScrollTrigger updated at 1755181425118 progress: 0.0588918480778138
16:23:45.135 cardDeckAnimation.ts:117 Desktop ScrollTrigger updated at 1755181425135 progress: 0.05876750347383048
16:23:45.152 cardDeckAnimation.ts:117 Desktop ScrollTrigger updated at 1755181425152 progress: 0.05864416164891153
16:23:45.168 cardDeckAnimation.ts:117 Desktop ScrollTrigger updated at 1755181425168 progress: 0.05837641963872163
16:23:45.185 cardDeckAnimation.ts:117 Desktop ScrollTrigger updated at 1755181425185 progress: 0.058113691523853636
16:23:45.202 cardDeckAnimation.ts:117 Desktop ScrollTrigger updated at 1755181425202 progress: 0.05787202176933766
16:23:45.220 cardDeckAnimation.ts:117 Desktop ScrollTrigger updated at 1755181425220 progress: 0.05747191292264938
16:23:45.236 cardDeckAnimation.ts:117 Desktop ScrollTrigger updated at 1755181425236 progress: 0.05692740389069014
16:23:45.253 cardDeckAnimation.ts:117 Desktop ScrollTrigger updated at 1755181425253 progress: 0.05624952524316813
16:23:45.270 cardDeckAnimation.ts:117 Desktop ScrollTrigger updated at 1755181425270 progress: 0.05544830477072719
16:23:45.281 AnimationController.ts:115 Activating card 2 at 1755181425281
16:23:45.289 cardDeckAnimation.ts:117 Desktop ScrollTrigger updated at 1755181425289 progress: 0.054708253821213526
16:23:45.306 cardDeckAnimation.ts:117 Desktop ScrollTrigger updated at 1755181425306 progress: 0.05379973598888374
16:23:45.322 cardDeckAnimation.ts:117 Desktop ScrollTrigger updated at 1755181425322 progress: 0.053010548865215376
16:23:45.341 cardDeckAnimation.ts:117 Desktop ScrollTrigger updated at 1755181425341 progress: 0.05232364520611394
16:23:45.368 cardDeckAnimation.ts:117 Desktop ScrollTrigger updated at 1755181425368 progress: 0.05134794117647059
16:23:45.385 cardDeckAnimation.ts:117 Desktop ScrollTrigger updated at 1755181425385 progress: 0.05057880963408985
16:23:45.403 cardDeckAnimation.ts:117 Desktop ScrollTrigger updated at 1755181425403 progress: 0.05003630616025938
16:23:45.421 cardDeckAnimation.ts:117 Desktop ScrollTrigger updated at 1755181425421 progress: 0.04950583603520148
16:23:45.438 cardDeckAnimation.ts:117 Desktop ScrollTrigger updated at 1755181425438 progress: 0.04904355488652153
16:23:45.455 cardDeckAnimation.ts:117 Desktop ScrollTrigger updated at 1755181425455 progress: 0.04859130152848541
16:23:45.480 cardDeckAnimation.ts:117 Desktop ScrollTrigger updated at 1755181425480 progress: 0.04813002315886984
16:23:45.501 cardDeckAnimation.ts:117 Desktop ScrollTrigger updated at 1755181425501 progress: 0.04758952524316813
16:23:45.519 cardDeckAnimation.ts:117 Desktop ScrollTrigger updated at 1755181425519 progress: 0.04726763316350162
16:23:45.537 cardDeckAnimation.ts:117 Desktop ScrollTrigger updated at 1755181425537 progress: 0.04695276053728578
16:23:45.555 cardDeckAnimation.ts:117 Desktop ScrollTrigger updated at 1755181425555 progress: 0.046661954608615094
16:23:45.573 cardDeckAnimation.ts:117 Desktop ScrollTrigger updated at 1755181425573 progress: 0.04639320981936082
16:23:45.590 cardDeckAnimation.ts:117 Desktop ScrollTrigger updated at 1755181425590 progress: 0.04614552339045855
16:23:45.608 cardDeckAnimation.ts:117 Desktop ScrollTrigger updated at 1755181425608 progress: 0.04592792033348773
16:23:45.626 cardDeckAnimation.ts:117 Desktop ScrollTrigger updated at 1755181425626 progress: 0.04570329782306624
16:23:45.663 cardDeckAnimation.ts:117 Desktop ScrollTrigger updated at 1755181425663 progress: 0.04543555581287633
16:23:45.697 cardDeckAnimation.ts:117 Desktop ScrollTrigger updated at 1755181425697 progress: 0.04473862436313108
16:23:45.720 cardDeckAnimation.ts:117 Desktop ScrollTrigger updated at 1755181425720 progress: 0.043931387216303845
16:23:45.739 cardDeckAnimation.ts:117 Desktop ScrollTrigger updated at 1755181425739 progress: 0.04329562528948588
16:23:45.763 cardDeckAnimation.ts:117 Desktop ScrollTrigger updated at 1755181425763 progress: 0.0422878323297823
16:23:45.789 cardDeckAnimation.ts:117 Desktop ScrollTrigger updated at 1755181425789 progress: 0.041224886521537746
16:23:45.817 cardDeckAnimation.ts:117 Desktop ScrollTrigger updated at 1755181425817 progress: 0.03993832098193609
16:23:45.838 cardDeckAnimation.ts:117 Desktop ScrollTrigger updated at 1755181425838 progress: 0.038796155627605376
16:23:45.856 cardDeckAnimation.ts:117 Desktop ScrollTrigger updated at 1755181425856 progress: 0.037974879573876796
16:23:45.875 cardDeckAnimation.ts:117 Desktop ScrollTrigger updated at 1755181425875 progress: 0.03729900648448355
16:23:45.894 cardDeckAnimation.ts:117 Desktop ScrollTrigger updated at 1755181425894 progress: 0.03661009726725336
16:23:45.921 cardDeckAnimation.ts:117 Desktop ScrollTrigger updated at 1755181425921 progress: 0.035923193608151924
16:23:45.955 cardDeckAnimation.ts:117 Desktop ScrollTrigger updated at 1755181425955 progress: 0.034987600741083834
16:23:45.973 cardDeckAnimation.ts:117 Desktop ScrollTrigger updated at 1755181425973 progress: 0.034455125057897176
16:23:45.993 cardDeckAnimation.ts:117 Desktop ScrollTrigger updated at 1755181425993 progress: 0.03401390226956924
16:23:46.027 cardDeckAnimation.ts:117 Desktop ScrollTrigger updated at 1755181426027 progress: 0.0334042125984252
16:23:46.054 cardDeckAnimation.ts:117 Desktop ScrollTrigger updated at 1755181426054 progress: 0.032871736915238536
16:23:46.069 cardDeckAnimation.ts:117 Desktop ScrollTrigger updated at 1755181426069 progress: 0.032624050486336265
16:23:46.088 cardDeckAnimation.ts:117 Desktop ScrollTrigger updated at 1755181426088 progress: 0.03236633626679018
16:23:46.107 cardDeckAnimation.ts:117 Desktop ScrollTrigger updated at 1755181426107 progress: 0.03211463872163038
16:23:46.126 cardDeckAnimation.ts:117 Desktop ScrollTrigger updated at 1755181426126 progress: 0.03167241315423808
16:23:46.141 cardDeckAnimation.ts:117 Desktop ScrollTrigger updated at 1755181426141 progress: 0.031211134784622507
16:23:46.174 cardDeckAnimation.ts:117 Desktop ScrollTrigger updated at 1755181426174 progress: 0.030082005558128764
16:23:46.196 cardDeckAnimation.ts:117 Desktop ScrollTrigger updated at 1755181426196 progress: 0.028959895785085687
16:23:46.286 cardDeckAnimation.ts:117 Desktop ScrollTrigger updated at 1755181426286 progress: 0.025329835572024083
16:23:46.321 cardDeckAnimation.ts:117 Desktop ScrollTrigger updated at 1755181426321 progress: 0.023944997684113015
16:23:46.373 AnimationController.ts:115 Activating card 1 at 1755181426373
16:23:46.378 cardDeckAnimation.ts:117 Desktop ScrollTrigger updated at 1755181426378 progress: 0.021862225567392313
16:23:46.395 cardDeckAnimation.ts:117 Desktop ScrollTrigger updated at 1755181426395 progress: 0.021361838814265864
16:23:46.412 cardDeckAnimation.ts:117 Desktop ScrollTrigger updated at 1755181426412 progress: 0.020950699397869383
16:23:46.474 cardDeckAnimation.ts:117 Desktop ScrollTrigger updated at 1755181426474 progress: 0.019725303381195
16:23:46.491 cardDeckAnimation.ts:117 Desktop ScrollTrigger updated at 1755181426491 progress: 0.019305138953219083
16:23:46.531 cardDeckAnimation.ts:117 Desktop ScrollTrigger updated at 1755181426531 progress: 0.01866937702640111
16:23:46.548 cardDeckAnimation.ts:117 Desktop ScrollTrigger updated at 1755181426548 progress: 0.018430715609078278
16:23:46.565 cardDeckAnimation.ts:117 Desktop ScrollTrigger updated at 1755181426565 progress: 0.01819807086614173
16:23:46.632 cardDeckAnimation.ts:117 Desktop ScrollTrigger updated at 1755181426632 progress: 0.017484092172301992
16:23:46.648 cardDeckAnimation.ts:117 Desktop ScrollTrigger updated at 1755181426648 progress: 0.017161197313571096
16:23:46.700 cardDeckAnimation.ts:117 Desktop ScrollTrigger updated at 1755181426700 progress: 0.015848559518295505
16:23:46.717 cardDeckAnimation.ts:117 Desktop ScrollTrigger updated at 1755181426717 progress: 0.015299036591014357
16:23:46.733 cardDeckAnimation.ts:117 Desktop ScrollTrigger updated at 1755181426733 progress: 0.01449079666512274
16:23:46.748 cardDeckAnimation.ts:117 Desktop ScrollTrigger updated at 1755181426748 progress: 0.013785842982862437
16:23:46.763 cardDeckAnimation.ts:117 Desktop ScrollTrigger updated at 1755181426763 progress: 0.012972589161648911
16:23:46.778 cardDeckAnimation.ts:117 Desktop ScrollTrigger updated at 1755181426778 progress: 0.012214488188976379
16:23:46.794 cardDeckAnimation.ts:117 Desktop ScrollTrigger updated at 1755181426794 progress: 0.011464409448818897
16:23:46.815 cardDeckAnimation.ts:117 Desktop ScrollTrigger updated at 1755181426815 progress: 0.010726364057433997
16:23:46.837 cardDeckAnimation.ts:117 Desktop ScrollTrigger updated at 1755181426837 progress: 0.009779740620657713
16:23:46.852 cardDeckAnimation.ts:117 Desktop ScrollTrigger updated at 1755181426852 progress: 0.009170050949513665
16:23:46.867 cardDeckAnimation.ts:117 Desktop ScrollTrigger updated at 1755181426867 progress: 0.008670666975451598
16:23:46.888 cardDeckAnimation.ts:117 Desktop ScrollTrigger updated at 1755181426888 progress: 0.008026882816118573
16:23:46.903 cardDeckAnimation.ts:117 Desktop ScrollTrigger updated at 1755181426902 progress: 0.007630785085687818
16:23:46.917 cardDeckAnimation.ts:117 Desktop ScrollTrigger updated at 1755181426917 progress: 0.007233684576192682
16:23:46.931 cardDeckAnimation.ts:117 Desktop ScrollTrigger updated at 1755181426931 progress: 0.006885720240852247
16:23:46.946 cardDeckAnimation.ts:117 Desktop ScrollTrigger updated at 1755181426946 progress: 0.006536753126447429
16:23:46.961 cardDeckAnimation.ts:117 Desktop ScrollTrigger updated at 1755181426961 progress: 0.006210849930523391
16:23:46.986 cardDeckAnimation.ts:117 Desktop ScrollTrigger updated at 1755181426986 progress: 0.005808735525706345
16:23:47.015 cardDeckAnimation.ts:117 Desktop ScrollTrigger updated at 1755181427015 progress: 0.0053354238073182025
16:23:47.035 cardDeckAnimation.ts:117 Desktop ScrollTrigger updated at 1755181427035 progress: 0.004899214914312181
16:23:47.054 cardDeckAnimation.ts:117 Desktop ScrollTrigger updated at 1755181427054 progress: 0.004621445113478462
16:23:47.068 cardDeckAnimation.ts:117 Desktop ScrollTrigger updated at 1755181427068 progress: 0.004416878184344604
16:23:47.083 cardDeckAnimation.ts:117 Desktop ScrollTrigger updated at 1755181427083 progress: 0.00422635016211209
16:23:47.099 cardDeckAnimation.ts:117 Desktop ScrollTrigger updated at 1755181427099 progress: 0.004036824918943955
16:23:47.114 cardDeckAnimation.ts:117 Desktop ScrollTrigger updated at 1755181427114 progress: 0.0038703635942566
16:23:47.131 cardDeckAnimation.ts:117 Desktop ScrollTrigger updated at 1755181427131 progress: 0.003713930060213062
16:23:47.150 cardDeckAnimation.ts:117 Desktop ScrollTrigger updated at 1755181427150 progress: 0.0035304214914312184
16:23:47.167 cardDeckAnimation.ts:117 Desktop ScrollTrigger updated at 1755181427167 progress: 0.003369976841130153
16:23:47.185 cardDeckAnimation.ts:117 Desktop ScrollTrigger updated at 1755181427185 progress: 0.003046079203334877
16:23:47.204 cardDeckAnimation.ts:117 Desktop ScrollTrigger updated at 1755181427204 progress: 0.0027482538212135247
16:23:47.219 cardDeckAnimation.ts:117 Desktop ScrollTrigger updated at 1755181427219 progress: 0.0023310977304307552
16:23:47.235 cardDeckAnimation.ts:117 Desktop ScrollTrigger updated at 1755181427235 progress: 0.001990152848540991
16:23:47.250 cardDeckAnimation.ts:117 Desktop ScrollTrigger updated at 1755181427250 progress: 0.0016522163038443726
16:23:47.268 cardDeckAnimation.ts:117 Desktop ScrollTrigger updated at 1755181427268 progress: 0.001339349235757295
16:23:47.285 cardDeckAnimation.ts:117 Desktop ScrollTrigger updated at 1755181427285 progress: 0.0009963987957387677
16:23:47.302 cardDeckAnimation.ts:117 Desktop ScrollTrigger updated at 1755181427302 progress: 0.0007306623436776288
16:23:47.318 cardDeckAnimation.ts:117 Desktop ScrollTrigger updated at 1755181427318 progress: 0.00046793422880963404
16:23:47.333 cardDeckAnimation.ts:117 Desktop ScrollTrigger updated at 1755181427333 progress: 0.0002533395090319592
16:23:47.351 cardDeckAnimation.ts:117 Desktop ScrollTrigger updated at 1755181427351 progress: 0.000014678091709124448
16:23:47.370 cardDeckAnimation.ts:117 Desktop ScrollTrigger updated at 1755181427370 progress: 0
16:23:48.260 AnimationController.ts:115 Activating card 0 at 1755181428260
16:23:51.725 turbopack-hot-reloader-common.ts:41 [Fast Refresh] rebuilding
16:23:51.767 report-hmr-latency.ts:26 [Fast Refresh] done in 189ms
